{"/Users/Apple/dev/os/ikem/Rend/backend/app.js": {"path":"/Users/Apple/dev/os/ikem/Rend/backend/app.js","statementMap":{"0":{"start":{"line":1,"column":16},"end":{"line":1,"column":34}},"1":{"start":{"line":2,"column":17},"end":{"line":2,"column":36}},"2":{"start":{"line":3,"column":13},"end":{"line":3,"column":28}},"3":{"start":{"line":4,"column":21},"end":{"line":4,"column":45}},"4":{"start":{"line":5,"column":0},"end":{"line":5,"column":27}},"5":{"start":{"line":8,"column":19},"end":{"line":8,"column":49}},"6":{"start":{"line":11,"column":12},"end":{"line":11,"column":21}},"7":{"start":{"line":14,"column":0},"end":{"line":14,"column":24}},"8":{"start":{"line":15,"column":0},"end":{"line":15,"column":24}},"9":{"start":{"line":16,"column":0},"end":{"line":16,"column":16}},"10":{"start":{"line":19,"column":0},"end":{"line":21,"column":67}},"11":{"start":{"line":20,"column":14},"end":{"line":20,"column":46}},"12":{"start":{"line":21,"column":18},"end":{"line":21,"column":65}},"13":{"start":{"line":24,"column":0},"end":{"line":24,"column":33}},"14":{"start":{"line":27,"column":0},"end":{"line":27,"column":61}},"15":{"start":{"line":27,"column":27},"end":{"line":27,"column":59}},"16":{"start":{"line":30,"column":0},"end":{"line":37,"column":3}},"17":{"start":{"line":31,"column":2},"end":{"line":31,"column":27}},"18":{"start":{"line":32,"column":2},"end":{"line":36,"column":5}},"19":{"start":{"line":39,"column":0},"end":{"line":39,"column":21}}},"fnMap":{"0":{"name":"(anonymous_0)","decl":{"start":{"line":20,"column":8},"end":{"line":20,"column":9}},"loc":{"start":{"line":20,"column":14},"end":{"line":20,"column":46}},"line":20},"1":{"name":"(anonymous_1)","decl":{"start":{"line":21,"column":9},"end":{"line":21,"column":10}},"loc":{"start":{"line":21,"column":18},"end":{"line":21,"column":65}},"line":21},"2":{"name":"(anonymous_2)","decl":{"start":{"line":27,"column":13},"end":{"line":27,"column":14}},"loc":{"start":{"line":27,"column":27},"end":{"line":27,"column":59}},"line":27},"3":{"name":"(anonymous_3)","decl":{"start":{"line":30,"column":8},"end":{"line":30,"column":9}},"loc":{"start":{"line":30,"column":33},"end":{"line":37,"column":1}},"line":30}},"branchMap":{"0":{"loc":{"start":{"line":19,"column":17},"end":{"line":19,"column":68}},"type":"binary-expr","locations":[{"start":{"line":19,"column":17},"end":{"line":19,"column":40}},{"start":{"line":19,"column":44},"end":{"line":19,"column":68}}],"line":19},"1":{"loc":{"start":{"line":35,"column":11},"end":{"line":35,"column":75}},"type":"cond-expr","locations":[{"start":{"line":35,"column":52},"end":{"line":35,"column":63}},{"start":{"line":35,"column":66},"end":{"line":35,"column":75}}],"line":35}},"s":{"0":1,"1":1,"2":1,"3":1,"4":1,"5":1,"6":1,"7":1,"8":1,"9":1,"10":1,"11":0,"12":1,"13":1,"14":1,"15":0,"16":1,"17":0,"18":0,"19":1},"f":{"0":0,"1":1,"2":0,"3":0},"b":{"0":[1,1],"1":[0,0]},"inputSourceMap":null,"_coverageSchema":"1a1c01bbd47fc00a2c39e90264f33305004495a9","hash":"2084371f058c09415700e989cda324e1c0cfffea"}
,"/Users/Apple/dev/os/ikem/Rend/backend/controllers/authController.js": {"path":"/Users/Apple/dev/os/ikem/Rend/backend/controllers/authController.js","statementMap":{"0":{"start":{"line":1,"column":13},"end":{"line":1,"column":38}},"1":{"start":{"line":2,"column":14},"end":{"line":2,"column":40}},"2":{"start":{"line":3,"column":12},"end":{"line":3,"column":35}},"3":{"start":{"line":4,"column":15},"end":{"line":4,"column":32}},"4":{"start":{"line":7,"column":18},"end":{"line":7,"column":47}},"5":{"start":{"line":16,"column":4},"end":{"line":16,"column":35}},"6":{"start":{"line":19,"column":18},"end":{"line":33,"column":1}},"7":{"start":{"line":21,"column":16},"end":{"line":23,"column":4}},"8":{"start":{"line":26,"column":2},"end":{"line":26,"column":28}},"9":{"start":{"line":28,"column":2},"end":{"line":32,"column":5}},"10":{"start":{"line":38,"column":0},"end":{"line":76,"column":2}},"11":{"start":{"line":39,"column":2},"end":{"line":75,"column":3}},"12":{"start":{"line":40,"column":42},"end":{"line":40,"column":50}},"13":{"start":{"line":43,"column":25},"end":{"line":43,"column":79}},"14":{"start":{"line":45,"column":4},"end":{"line":58,"column":5}},"15":{"start":{"line":46,"column":6},"end":{"line":51,"column":7}},"16":{"start":{"line":47,"column":8},"end":{"line":50,"column":11}},"17":{"start":{"line":52,"column":6},"end":{"line":57,"column":7}},"18":{"start":{"line":53,"column":8},"end":{"line":56,"column":11}},"19":{"start":{"line":61,"column":17},"end":{"line":65,"column":6}},"20":{"start":{"line":68,"column":4},"end":{"line":68,"column":30}},"21":{"start":{"line":70,"column":4},"end":{"line":74,"column":7}},"22":{"start":{"line":81,"column":0},"end":{"line":122,"column":2}},"23":{"start":{"line":82,"column":2},"end":{"line":121,"column":3}},"24":{"start":{"line":83,"column":32},"end":{"line":83,"column":40}},"25":{"start":{"line":86,"column":4},"end":{"line":91,"column":5}},"26":{"start":{"line":87,"column":6},"end":{"line":90,"column":9}},"27":{"start":{"line":94,"column":17},"end":{"line":94,"column":66}},"28":{"start":{"line":96,"column":4},"end":{"line":101,"column":5}},"29":{"start":{"line":97,"column":6},"end":{"line":100,"column":9}},"30":{"start":{"line":104,"column":20},"end":{"line":104,"column":54}},"31":{"start":{"line":106,"column":4},"end":{"line":111,"column":5}},"32":{"start":{"line":107,"column":6},"end":{"line":110,"column":9}},"33":{"start":{"line":114,"column":4},"end":{"line":114,"column":30}},"34":{"start":{"line":116,"column":4},"end":{"line":120,"column":7}},"35":{"start":{"line":127,"column":0},"end":{"line":191,"column":2}},"36":{"start":{"line":128,"column":2},"end":{"line":190,"column":3}},"37":{"start":{"line":129,"column":22},"end":{"line":129,"column":30}},"38":{"start":{"line":132,"column":4},"end":{"line":137,"column":5}},"39":{"start":{"line":133,"column":6},"end":{"line":136,"column":9}},"40":{"start":{"line":140,"column":17},"end":{"line":140,"column":46}},"41":{"start":{"line":143,"column":4},"end":{"line":148,"column":5}},"42":{"start":{"line":144,"column":6},"end":{"line":147,"column":9}},"43":{"start":{"line":151,"column":23},"end":{"line":151,"column":51}},"44":{"start":{"line":154,"column":4},"end":{"line":154,"column":51}},"45":{"start":{"line":157,"column":21},"end":{"line":157,"column":97}},"46":{"start":{"line":159,"column":20},"end":{"line":159,"column":166}},"47":{"start":{"line":161,"column":4},"end":{"line":183,"column":5}},"48":{"start":{"line":162,"column":6},"end":{"line":166,"column":9}},"49":{"start":{"line":168,"column":6},"end":{"line":171,"column":9}},"50":{"start":{"line":174,"column":6},"end":{"line":174,"column":42}},"51":{"start":{"line":175,"column":6},"end":{"line":175,"column":43}},"52":{"start":{"line":177,"column":6},"end":{"line":177,"column":53}},"53":{"start":{"line":179,"column":6},"end":{"line":182,"column":9}},"54":{"start":{"line":185,"column":4},"end":{"line":189,"column":7}},"55":{"start":{"line":196,"column":0},"end":{"line":237,"column":2}},"56":{"start":{"line":197,"column":2},"end":{"line":236,"column":3}},"57":{"start":{"line":199,"column":31},"end":{"line":202,"column":20}},"58":{"start":{"line":205,"column":17},"end":{"line":208,"column":6}},"59":{"start":{"line":210,"column":4},"end":{"line":215,"column":5}},"60":{"start":{"line":211,"column":6},"end":{"line":214,"column":9}},"61":{"start":{"line":218,"column":4},"end":{"line":218,"column":38}},"62":{"start":{"line":219,"column":4},"end":{"line":219,"column":40}},"63":{"start":{"line":220,"column":4},"end":{"line":220,"column":41}},"64":{"start":{"line":223,"column":4},"end":{"line":223,"column":22}},"65":{"start":{"line":226,"column":4},"end":{"line":229,"column":7}},"66":{"start":{"line":231,"column":4},"end":{"line":235,"column":7}},"67":{"start":{"line":242,"column":0},"end":{"line":257,"column":2}},"68":{"start":{"line":243,"column":2},"end":{"line":256,"column":3}},"69":{"start":{"line":244,"column":17},"end":{"line":244,"column":49}},"70":{"start":{"line":246,"column":4},"end":{"line":249,"column":7}},"71":{"start":{"line":251,"column":4},"end":{"line":255,"column":7}},"72":{"start":{"line":262,"column":0},"end":{"line":310,"column":2}},"73":{"start":{"line":263,"column":2},"end":{"line":309,"column":3}},"74":{"start":{"line":264,"column":42},"end":{"line":264,"column":50}},"75":{"start":{"line":267,"column":4},"end":{"line":272,"column":5}},"76":{"start":{"line":268,"column":6},"end":{"line":271,"column":9}},"77":{"start":{"line":274,"column":4},"end":{"line":279,"column":5}},"78":{"start":{"line":275,"column":6},"end":{"line":278,"column":9}},"79":{"start":{"line":282,"column":30},"end":{"line":282,"column":79}},"80":{"start":{"line":285,"column":18},"end":{"line":285,"column":33}},"81":{"start":{"line":288,"column":4},"end":{"line":291,"column":7}},"82":{"start":{"line":294,"column":20},"end":{"line":294,"column":44}},"83":{"start":{"line":296,"column":4},"end":{"line":302,"column":7}},"84":{"start":{"line":304,"column":4},"end":{"line":308,"column":7}},"85":{"start":{"line":315,"column":0},"end":{"line":406,"column":2}},"86":{"start":{"line":316,"column":2},"end":{"line":405,"column":3}},"87":{"start":{"line":317,"column":62},"end":{"line":317,"column":70}},"88":{"start":{"line":320,"column":4},"end":{"line":325,"column":5}},"89":{"start":{"line":321,"column":6},"end":{"line":324,"column":9}},"90":{"start":{"line":327,"column":4},"end":{"line":332,"column":5}},"91":{"start":{"line":328,"column":6},"end":{"line":331,"column":9}},"92":{"start":{"line":335,"column":30},"end":{"line":335,"column":79}},"93":{"start":{"line":338,"column":23},"end":{"line":338,"column":58}},"94":{"start":{"line":339,"column":4},"end":{"line":344,"column":5}},"95":{"start":{"line":340,"column":6},"end":{"line":343,"column":9}},"96":{"start":{"line":345,"column":18},"end":{"line":345,"column":31}},"97":{"start":{"line":348,"column":21},"end":{"line":352,"column":6}},"98":{"start":{"line":354,"column":4},"end":{"line":359,"column":5}},"99":{"start":{"line":355,"column":6},"end":{"line":358,"column":9}},"100":{"start":{"line":362,"column":27},"end":{"line":362,"column":32}},"101":{"start":{"line":364,"column":4},"end":{"line":368,"column":5}},"102":{"start":{"line":365,"column":6},"end":{"line":365,"column":83}},"103":{"start":{"line":366,"column":11},"end":{"line":368,"column":5}},"104":{"start":{"line":367,"column":6},"end":{"line":367,"column":82}},"105":{"start":{"line":370,"column":4},"end":{"line":375,"column":5}},"106":{"start":{"line":371,"column":6},"end":{"line":374,"column":9}},"107":{"start":{"line":378,"column":4},"end":{"line":378,"column":25}},"108":{"start":{"line":379,"column":4},"end":{"line":379,"column":26}},"109":{"start":{"line":382,"column":15},"end":{"line":382,"column":71}},"110":{"start":{"line":384,"column":4},"end":{"line":395,"column":5}},"111":{"start":{"line":386,"column":6},"end":{"line":390,"column":9}},"112":{"start":{"line":393,"column":6},"end":{"line":393,"column":38}},"113":{"start":{"line":394,"column":6},"end":{"line":394,"column":24}},"114":{"start":{"line":398,"column":4},"end":{"line":398,"column":30}},"115":{"start":{"line":400,"column":4},"end":{"line":404,"column":7}}},"fnMap":{"0":{"name":"(anonymous_0)","decl":{"start":{"line":19,"column":18},"end":{"line":19,"column":19}},"loc":{"start":{"line":19,"column":45},"end":{"line":33,"column":1}},"line":19},"1":{"name":"(anonymous_1)","decl":{"start":{"line":38,"column":19},"end":{"line":38,"column":20}},"loc":{"start":{"line":38,"column":45},"end":{"line":76,"column":1}},"line":38},"2":{"name":"(anonymous_2)","decl":{"start":{"line":81,"column":16},"end":{"line":81,"column":17}},"loc":{"start":{"line":81,"column":42},"end":{"line":122,"column":1}},"line":81},"3":{"name":"(anonymous_3)","decl":{"start":{"line":127,"column":25},"end":{"line":127,"column":26}},"loc":{"start":{"line":127,"column":51},"end":{"line":191,"column":1}},"line":127},"4":{"name":"(anonymous_4)","decl":{"start":{"line":196,"column":24},"end":{"line":196,"column":25}},"loc":{"start":{"line":196,"column":50},"end":{"line":237,"column":1}},"line":196},"5":{"name":"(anonymous_5)","decl":{"start":{"line":242,"column":16},"end":{"line":242,"column":17}},"loc":{"start":{"line":242,"column":42},"end":{"line":257,"column":1}},"line":242},"6":{"name":"(anonymous_6)","decl":{"start":{"line":262,"column":19},"end":{"line":262,"column":20}},"loc":{"start":{"line":262,"column":45},"end":{"line":310,"column":1}},"line":262},"7":{"name":"(anonymous_7)","decl":{"start":{"line":315,"column":22},"end":{"line":315,"column":23}},"loc":{"start":{"line":315,"column":48},"end":{"line":406,"column":1}},"line":315}},"branchMap":{"0":{"loc":{"start":{"line":45,"column":4},"end":{"line":58,"column":5}},"type":"if","locations":[{"start":{"line":45,"column":4},"end":{"line":58,"column":5}},{"start":{},"end":{}}],"line":45},"1":{"loc":{"start":{"line":46,"column":6},"end":{"line":51,"column":7}},"type":"if","locations":[{"start":{"line":46,"column":6},"end":{"line":51,"column":7}},{"start":{},"end":{}}],"line":46},"2":{"loc":{"start":{"line":52,"column":6},"end":{"line":57,"column":7}},"type":"if","locations":[{"start":{"line":52,"column":6},"end":{"line":57,"column":7}},{"start":{},"end":{}}],"line":52},"3":{"loc":{"start":{"line":73,"column":13},"end":{"line":73,"column":79}},"type":"cond-expr","locations":[{"start":{"line":73,"column":54},"end":{"line":73,"column":67}},{"start":{"line":73,"column":70},"end":{"line":73,"column":79}}],"line":73},"4":{"loc":{"start":{"line":86,"column":4},"end":{"line":91,"column":5}},"type":"if","locations":[{"start":{"line":86,"column":4},"end":{"line":91,"column":5}},{"start":{},"end":{}}],"line":86},"5":{"loc":{"start":{"line":86,"column":8},"end":{"line":86,"column":27}},"type":"binary-expr","locations":[{"start":{"line":86,"column":8},"end":{"line":86,"column":14}},{"start":{"line":86,"column":18},"end":{"line":86,"column":27}}],"line":86},"6":{"loc":{"start":{"line":96,"column":4},"end":{"line":101,"column":5}},"type":"if","locations":[{"start":{"line":96,"column":4},"end":{"line":101,"column":5}},{"start":{},"end":{}}],"line":96},"7":{"loc":{"start":{"line":106,"column":4},"end":{"line":111,"column":5}},"type":"if","locations":[{"start":{"line":106,"column":4},"end":{"line":111,"column":5}},{"start":{},"end":{}}],"line":106},"8":{"loc":{"start":{"line":119,"column":13},"end":{"line":119,"column":79}},"type":"cond-expr","locations":[{"start":{"line":119,"column":54},"end":{"line":119,"column":67}},{"start":{"line":119,"column":70},"end":{"line":119,"column":79}}],"line":119},"9":{"loc":{"start":{"line":132,"column":4},"end":{"line":137,"column":5}},"type":"if","locations":[{"start":{"line":132,"column":4},"end":{"line":137,"column":5}},{"start":{},"end":{}}],"line":132},"10":{"loc":{"start":{"line":143,"column":4},"end":{"line":148,"column":5}},"type":"if","locations":[{"start":{"line":143,"column":4},"end":{"line":148,"column":5}},{"start":{},"end":{}}],"line":143},"11":{"loc":{"start":{"line":188,"column":13},"end":{"line":188,"column":79}},"type":"cond-expr","locations":[{"start":{"line":188,"column":54},"end":{"line":188,"column":67}},{"start":{"line":188,"column":70},"end":{"line":188,"column":79}}],"line":188},"12":{"loc":{"start":{"line":210,"column":4},"end":{"line":215,"column":5}},"type":"if","locations":[{"start":{"line":210,"column":4},"end":{"line":215,"column":5}},{"start":{},"end":{}}],"line":210},"13":{"loc":{"start":{"line":234,"column":13},"end":{"line":234,"column":79}},"type":"cond-expr","locations":[{"start":{"line":234,"column":54},"end":{"line":234,"column":67}},{"start":{"line":234,"column":70},"end":{"line":234,"column":79}}],"line":234},"14":{"loc":{"start":{"line":254,"column":13},"end":{"line":254,"column":79}},"type":"cond-expr","locations":[{"start":{"line":254,"column":54},"end":{"line":254,"column":67}},{"start":{"line":254,"column":70},"end":{"line":254,"column":79}}],"line":254},"15":{"loc":{"start":{"line":267,"column":4},"end":{"line":272,"column":5}},"type":"if","locations":[{"start":{"line":267,"column":4},"end":{"line":272,"column":5}},{"start":{},"end":{}}],"line":267},"16":{"loc":{"start":{"line":267,"column":8},"end":{"line":267,"column":37}},"type":"binary-expr","locations":[{"start":{"line":267,"column":8},"end":{"line":267,"column":22}},{"start":{"line":267,"column":26},"end":{"line":267,"column":37}}],"line":267},"17":{"loc":{"start":{"line":274,"column":4},"end":{"line":279,"column":5}},"type":"if","locations":[{"start":{"line":274,"column":4},"end":{"line":279,"column":5}},{"start":{},"end":{}}],"line":274},"18":{"loc":{"start":{"line":307,"column":13},"end":{"line":307,"column":79}},"type":"cond-expr","locations":[{"start":{"line":307,"column":54},"end":{"line":307,"column":67}},{"start":{"line":307,"column":70},"end":{"line":307,"column":79}}],"line":307},"19":{"loc":{"start":{"line":320,"column":4},"end":{"line":325,"column":5}},"type":"if","locations":[{"start":{"line":320,"column":4},"end":{"line":325,"column":5}},{"start":{},"end":{}}],"line":320},"20":{"loc":{"start":{"line":320,"column":8},"end":{"line":320,"column":63}},"type":"binary-expr","locations":[{"start":{"line":320,"column":8},"end":{"line":320,"column":22}},{"start":{"line":320,"column":26},"end":{"line":320,"column":36}},{"start":{"line":320,"column":40},"end":{"line":320,"column":48}},{"start":{"line":320,"column":52},"end":{"line":320,"column":63}}],"line":320},"21":{"loc":{"start":{"line":327,"column":4},"end":{"line":332,"column":5}},"type":"if","locations":[{"start":{"line":327,"column":4},"end":{"line":332,"column":5}},{"start":{},"end":{}}],"line":327},"22":{"loc":{"start":{"line":339,"column":4},"end":{"line":344,"column":5}},"type":"if","locations":[{"start":{"line":339,"column":4},"end":{"line":344,"column":5}},{"start":{},"end":{}}],"line":339},"23":{"loc":{"start":{"line":354,"column":4},"end":{"line":359,"column":5}},"type":"if","locations":[{"start":{"line":354,"column":4},"end":{"line":359,"column":5}},{"start":{},"end":{}}],"line":354},"24":{"loc":{"start":{"line":364,"column":4},"end":{"line":368,"column":5}},"type":"if","locations":[{"start":{"line":364,"column":4},"end":{"line":368,"column":5}},{"start":{"line":366,"column":11},"end":{"line":368,"column":5}}],"line":364},"25":{"loc":{"start":{"line":366,"column":11},"end":{"line":368,"column":5}},"type":"if","locations":[{"start":{"line":366,"column":11},"end":{"line":368,"column":5}},{"start":{},"end":{}}],"line":366},"26":{"loc":{"start":{"line":370,"column":4},"end":{"line":375,"column":5}},"type":"if","locations":[{"start":{"line":370,"column":4},"end":{"line":375,"column":5}},{"start":{},"end":{}}],"line":370},"27":{"loc":{"start":{"line":384,"column":4},"end":{"line":395,"column":5}},"type":"if","locations":[{"start":{"line":384,"column":4},"end":{"line":395,"column":5}},{"start":{"line":391,"column":11},"end":{"line":395,"column":5}}],"line":384},"28":{"loc":{"start":{"line":403,"column":13},"end":{"line":403,"column":79}},"type":"cond-expr","locations":[{"start":{"line":403,"column":54},"end":{"line":403,"column":67}},{"start":{"line":403,"column":70},"end":{"line":403,"column":79}}],"line":403}},"s":{"0":1,"1":1,"2":1,"3":1,"4":1,"5":1,"6":1,"7":0,"8":0,"9":0,"10":1,"11":0,"12":0,"13":0,"14":0,"15":0,"16":0,"17":0,"18":0,"19":0,"20":0,"21":0,"22":1,"23":0,"24":0,"25":0,"26":0,"27":0,"28":0,"29":0,"30":0,"31":0,"32":0,"33":0,"34":0,"35":1,"36":0,"37":0,"38":0,"39":0,"40":0,"41":0,"42":0,"43":0,"44":0,"45":0,"46":0,"47":0,"48":0,"49":0,"50":0,"51":0,"52":0,"53":0,"54":0,"55":1,"56":0,"57":0,"58":0,"59":0,"60":0,"61":0,"62":0,"63":0,"64":0,"65":0,"66":0,"67":1,"68":0,"69":0,"70":0,"71":0,"72":1,"73":0,"74":0,"75":0,"76":0,"77":0,"78":0,"79":0,"80":0,"81":0,"82":0,"83":0,"84":0,"85":1,"86":0,"87":0,"88":0,"89":0,"90":0,"91":0,"92":0,"93":0,"94":0,"95":0,"96":0,"97":0,"98":0,"99":0,"100":0,"101":0,"102":0,"103":0,"104":0,"105":0,"106":0,"107":0,"108":0,"109":0,"110":0,"111":0,"112":0,"113":0,"114":0,"115":0},"f":{"0":0,"1":0,"2":0,"3":0,"4":0,"5":0,"6":0,"7":0},"b":{"0":[0,0],"1":[0,0],"2":[0,0],"3":[0,0],"4":[0,0],"5":[0,0],"6":[0,0],"7":[0,0],"8":[0,0],"9":[0,0],"10":[0,0],"11":[0,0],"12":[0,0],"13":[0,0],"14":[0,0],"15":[0,0],"16":[0,0],"17":[0,0],"18":[0,0],"19":[0,0],"20":[0,0,0,0],"21":[0,0],"22":[0,0],"23":[0,0],"24":[0,0],"25":[0,0],"26":[0,0],"27":[0,0],"28":[0,0]},"inputSourceMap":null,"_coverageSchema":"1a1c01bbd47fc00a2c39e90264f33305004495a9","hash":"81f846961c49bdabc1455ef881aeba2fb1e49b47"}
,"/Users/Apple/dev/os/ikem/Rend/backend/middleware/authMiddleware.js": {"path":"/Users/Apple/dev/os/ikem/Rend/backend/middleware/authMiddleware.js","statementMap":{"0":{"start":{"line":1,"column":12},"end":{"line":1,"column":35}},"1":{"start":{"line":2,"column":13},"end":{"line":2,"column":38}},"2":{"start":{"line":8,"column":0},"end":{"line":50,"column":2}},"3":{"start":{"line":12,"column":2},"end":{"line":18,"column":3}},"4":{"start":{"line":17,"column":4},"end":{"line":17,"column":52}},"5":{"start":{"line":21,"column":2},"end":{"line":26,"column":3}},"6":{"start":{"line":22,"column":4},"end":{"line":25,"column":7}},"7":{"start":{"line":28,"column":2},"end":{"line":49,"column":3}},"8":{"start":{"line":30,"column":20},"end":{"line":30,"column":61}},"9":{"start":{"line":33,"column":4},"end":{"line":33,"column":47}},"10":{"start":{"line":36,"column":4},"end":{"line":41,"column":5}},"11":{"start":{"line":37,"column":6},"end":{"line":40,"column":9}},"12":{"start":{"line":43,"column":4},"end":{"line":43,"column":11}},"13":{"start":{"line":45,"column":4},"end":{"line":48,"column":7}}},"fnMap":{"0":{"name":"(anonymous_0)","decl":{"start":{"line":8,"column":18},"end":{"line":8,"column":19}},"loc":{"start":{"line":8,"column":44},"end":{"line":50,"column":1}},"line":8}},"branchMap":{"0":{"loc":{"start":{"line":12,"column":2},"end":{"line":18,"column":3}},"type":"if","locations":[{"start":{"line":12,"column":2},"end":{"line":18,"column":3}},{"start":{},"end":{}}],"line":12},"1":{"loc":{"start":{"line":13,"column":4},"end":{"line":14,"column":50}},"type":"binary-expr","locations":[{"start":{"line":13,"column":4},"end":{"line":13,"column":29}},{"start":{"line":14,"column":4},"end":{"line":14,"column":50}}],"line":13},"2":{"loc":{"start":{"line":21,"column":2},"end":{"line":26,"column":3}},"type":"if","locations":[{"start":{"line":21,"column":2},"end":{"line":26,"column":3}},{"start":{},"end":{}}],"line":21},"3":{"loc":{"start":{"line":36,"column":4},"end":{"line":41,"column":5}},"type":"if","locations":[{"start":{"line":36,"column":4},"end":{"line":41,"column":5}},{"start":{},"end":{}}],"line":36}},"s":{"0":1,"1":1,"2":1,"3":0,"4":0,"5":0,"6":0,"7":0,"8":0,"9":0,"10":0,"11":0,"12":0,"13":0},"f":{"0":0},"b":{"0":[0,0],"1":[0,0],"2":[0,0],"3":[0,0]},"inputSourceMap":null,"_coverageSchema":"1a1c01bbd47fc00a2c39e90264f33305004495a9","hash":"c01c45052275366d919c06da8ca29a6da5c6d04d"}
,"/Users/Apple/dev/os/ikem/Rend/backend/models/Nonce.js": {"path":"/Users/Apple/dev/os/ikem/Rend/backend/models/Nonce.js","statementMap":{"0":{"start":{"line":1,"column":17},"end":{"line":1,"column":36}},"1":{"start":{"line":3,"column":20},"end":{"line":24,"column":2}},"2":{"start":{"line":27,"column":0},"end":{"line":27,"column":50}},"3":{"start":{"line":28,"column":0},"end":{"line":28,"column":63}},"4":{"start":{"line":30,"column":0},"end":{"line":30,"column":54}}},"fnMap":{},"branchMap":{},"s":{"0":1,"1":1,"2":1,"3":1,"4":1},"f":{},"b":{},"inputSourceMap":null,"_coverageSchema":"1a1c01bbd47fc00a2c39e90264f33305004495a9","hash":"4d37874287ec428ce44b7a8bbc29953d56211da2"}
,"/Users/Apple/dev/os/ikem/Rend/backend/models/User.js": {"path":"/Users/Apple/dev/os/ikem/Rend/backend/models/User.js","statementMap":{"0":{"start":{"line":1,"column":17},"end":{"line":1,"column":36}},"1":{"start":{"line":2,"column":15},"end":{"line":2,"column":34}},"2":{"start":{"line":3,"column":15},"end":{"line":3,"column":32}},"3":{"start":{"line":5,"column":19},"end":{"line":62,"column":2}},"4":{"start":{"line":10,"column":6},"end":{"line":10,"column":33}},"5":{"start":{"line":20,"column":6},"end":{"line":20,"column":33}},"6":{"start":{"line":34,"column":6},"end":{"line":34,"column":33}},"7":{"start":{"line":49,"column":6},"end":{"line":49,"column":34}},"8":{"start":{"line":65,"column":0},"end":{"line":80,"column":3}},"9":{"start":{"line":67,"column":2},"end":{"line":69,"column":3}},"10":{"start":{"line":68,"column":4},"end":{"line":68,"column":18}},"11":{"start":{"line":71,"column":2},"end":{"line":79,"column":3}},"12":{"start":{"line":73,"column":17},"end":{"line":73,"column":41}},"13":{"start":{"line":75,"column":4},"end":{"line":75,"column":59}},"14":{"start":{"line":76,"column":4},"end":{"line":76,"column":11}},"15":{"start":{"line":78,"column":4},"end":{"line":78,"column":16}},"16":{"start":{"line":83,"column":0},"end":{"line":85,"column":2}},"17":{"start":{"line":84,"column":2},"end":{"line":84,"column":62}},"18":{"start":{"line":88,"column":0},"end":{"line":102,"column":2}},"19":{"start":{"line":90,"column":21},"end":{"line":90,"column":59}},"20":{"start":{"line":93,"column":2},"end":{"line":96,"column":19}},"21":{"start":{"line":99,"column":2},"end":{"line":99,"column":57}},"22":{"start":{"line":101,"column":2},"end":{"line":101,"column":20}},"23":{"start":{"line":104,"column":0},"end":{"line":104,"column":52}}},"fnMap":{"0":{"name":"(anonymous_0)","decl":{"start":{"line":8,"column":14},"end":{"line":8,"column":15}},"loc":{"start":{"line":8,"column":26},"end":{"line":11,"column":5}},"line":8},"1":{"name":"(anonymous_1)","decl":{"start":{"line":19,"column":14},"end":{"line":19,"column":15}},"loc":{"start":{"line":19,"column":26},"end":{"line":21,"column":5}},"line":19},"2":{"name":"(anonymous_2)","decl":{"start":{"line":33,"column":14},"end":{"line":33,"column":15}},"loc":{"start":{"line":33,"column":26},"end":{"line":35,"column":5}},"line":33},"3":{"name":"(anonymous_3)","decl":{"start":{"line":48,"column":14},"end":{"line":48,"column":15}},"loc":{"start":{"line":48,"column":26},"end":{"line":50,"column":5}},"line":48},"4":{"name":"(anonymous_4)","decl":{"start":{"line":65,"column":23},"end":{"line":65,"column":24}},"loc":{"start":{"line":65,"column":45},"end":{"line":80,"column":1}},"line":65},"5":{"name":"(anonymous_5)","decl":{"start":{"line":83,"column":35},"end":{"line":83,"column":36}},"loc":{"start":{"line":83,"column":68},"end":{"line":85,"column":1}},"line":83},"6":{"name":"(anonymous_6)","decl":{"start":{"line":88,"column":43},"end":{"line":88,"column":44}},"loc":{"start":{"line":88,"column":55},"end":{"line":102,"column":1}},"line":88}},"branchMap":{"0":{"loc":{"start":{"line":67,"column":2},"end":{"line":69,"column":3}},"type":"if","locations":[{"start":{"line":67,"column":2},"end":{"line":69,"column":3}},{"start":{},"end":{}}],"line":67}},"s":{"0":1,"1":1,"2":1,"3":1,"4":0,"5":0,"6":0,"7":0,"8":1,"9":0,"10":0,"11":0,"12":0,"13":0,"14":0,"15":0,"16":1,"17":0,"18":1,"19":0,"20":0,"21":0,"22":0,"23":1},"f":{"0":0,"1":0,"2":0,"3":0,"4":0,"5":0,"6":0},"b":{"0":[0,0]},"inputSourceMap":null,"_coverageSchema":"1a1c01bbd47fc00a2c39e90264f33305004495a9","hash":"9d9668a3cf2d6044f3bc3927e0f2f509eb50fdba"}
,"/Users/Apple/dev/os/ikem/Rend/backend/routes/authRoutes.js": {"path":"/Users/Apple/dev/os/ikem/Rend/backend/routes/authRoutes.js","statementMap":{"0":{"start":{"line":1,"column":16},"end":{"line":1,"column":34}},"1":{"start":{"line":2,"column":15},"end":{"line":2,"column":31}},"2":{"start":{"line":11,"column":4},"end":{"line":11,"column":44}},"3":{"start":{"line":12,"column":20},"end":{"line":12,"column":59}},"4":{"start":{"line":15,"column":0},"end":{"line":15,"column":35}},"5":{"start":{"line":16,"column":0},"end":{"line":16,"column":29}},"6":{"start":{"line":17,"column":0},"end":{"line":17,"column":48}},"7":{"start":{"line":18,"column":0},"end":{"line":18,"column":53}},"8":{"start":{"line":19,"column":0},"end":{"line":19,"column":34}},"9":{"start":{"line":22,"column":0},"end":{"line":22,"column":39}},"10":{"start":{"line":23,"column":0},"end":{"line":23,"column":36}},"11":{"start":{"line":25,"column":0},"end":{"line":25,"column":24}}},"fnMap":{},"branchMap":{},"s":{"0":1,"1":1,"2":1,"3":1,"4":1,"5":1,"6":1,"7":1,"8":1,"9":1,"10":1,"11":1},"f":{},"b":{},"inputSourceMap":null,"_coverageSchema":"1a1c01bbd47fc00a2c39e90264f33305004495a9","hash":"6d2625fa3f4eb0d637bf65c7778199d1f5548a8e"}
,"/Users/Apple/dev/os/ikem/Rend/backend/utils/sendEmail.js": {"path":"/Users/Apple/dev/os/ikem/Rend/backend/utils/sendEmail.js","statementMap":{"0":{"start":{"line":1,"column":19},"end":{"line":1,"column":40}},"1":{"start":{"line":8,"column":18},"end":{"line":54,"column":1}},"2":{"start":{"line":10,"column":38},"end":{"line":10,"column":45}},"3":{"start":{"line":13,"column":23},"end":{"line":13,"column":60}},"4":{"start":{"line":15,"column":2},"end":{"line":53,"column":3}},"5":{"start":{"line":20,"column":24},"end":{"line":26,"column":6}},"6":{"start":{"line":29,"column":24},"end":{"line":34,"column":5}},"7":{"start":{"line":37,"column":4},"end":{"line":37,"column":44}},"8":{"start":{"line":39,"column":4},"end":{"line":39,"column":42}},"9":{"start":{"line":42,"column":4},"end":{"line":42,"column":62}},"10":{"start":{"line":43,"column":4},"end":{"line":43,"column":63}},"11":{"start":{"line":44,"column":4},"end":{"line":44,"column":62}},"12":{"start":{"line":45,"column":4},"end":{"line":45,"column":32}},"13":{"start":{"line":46,"column":4},"end":{"line":46,"column":39}},"14":{"start":{"line":47,"column":4},"end":{"line":47,"column":62}},"15":{"start":{"line":48,"column":4},"end":{"line":48,"column":25}},"16":{"start":{"line":49,"column":4},"end":{"line":49,"column":62}},"17":{"start":{"line":56,"column":0},"end":{"line":56,"column":27}}},"fnMap":{"0":{"name":"(anonymous_0)","decl":{"start":{"line":8,"column":18},"end":{"line":8,"column":19}},"loc":{"start":{"line":8,"column":37},"end":{"line":54,"column":1}},"line":8}},"branchMap":{"0":{"loc":{"start":{"line":15,"column":2},"end":{"line":53,"column":3}},"type":"if","locations":[{"start":{"line":15,"column":2},"end":{"line":53,"column":3}},{"start":{"line":40,"column":9},"end":{"line":53,"column":3}}],"line":15}},"s":{"0":1,"1":1,"2":0,"3":0,"4":0,"5":0,"6":0,"7":0,"8":0,"9":0,"10":0,"11":0,"12":0,"13":0,"14":0,"15":0,"16":0,"17":1},"f":{"0":0},"b":{"0":[0,0]},"inputSourceMap":null,"_coverageSchema":"1a1c01bbd47fc00a2c39e90264f33305004495a9","hash":"3e9fc74f1cc5db4d0db323ce943fa63866f80ffb"}
,"/Users/Apple/dev/os/ikem/Rend/backend/utils/walletUtils.js": {"path":"/Users/Apple/dev/os/ikem/Rend/backend/utils/walletUtils.js","statementMap":{"0":{"start":{"line":1,"column":19},"end":{"line":1,"column":36}},"1":{"start":{"line":2,"column":22},"end":{"line":2,"column":48}},"2":{"start":{"line":3,"column":13},"end":{"line":3,"column":33}},"3":{"start":{"line":4,"column":15},"end":{"line":4,"column":32}},"4":{"start":{"line":13,"column":27},"end":{"line":24,"column":1}},"5":{"start":{"line":14,"column":4},"end":{"line":23,"column":5}},"6":{"start":{"line":16,"column":33},"end":{"line":16,"column":73}},"7":{"start":{"line":19,"column":8},"end":{"line":19,"column":80}},"8":{"start":{"line":21,"column":8},"end":{"line":21,"column":66}},"9":{"start":{"line":22,"column":8},"end":{"line":22,"column":21}},"10":{"start":{"line":33,"column":30},"end":{"line":48,"column":1}},"11":{"start":{"line":34,"column":4},"end":{"line":47,"column":5}},"12":{"start":{"line":36,"column":29},"end":{"line":36,"column":62}},"13":{"start":{"line":39,"column":31},"end":{"line":39,"column":63}},"14":{"start":{"line":40,"column":31},"end":{"line":40,"column":65}},"15":{"start":{"line":43,"column":8},"end":{"line":43,"column":87}},"16":{"start":{"line":45,"column":8},"end":{"line":45,"column":69}},"17":{"start":{"line":46,"column":8},"end":{"line":46,"column":21}},"18":{"start":{"line":54,"column":22},"end":{"line":56,"column":1}},"19":{"start":{"line":55,"column":4},"end":{"line":55,"column":50}},"20":{"start":{"line":63,"column":26},"end":{"line":65,"column":1}},"21":{"start":{"line":64,"column":4},"end":{"line":64,"column":77}},"22":{"start":{"line":73,"column":31},"end":{"line":78,"column":1}},"23":{"start":{"line":74,"column":4},"end":{"line":76,"column":5}},"24":{"start":{"line":75,"column":8},"end":{"line":75,"column":37}},"25":{"start":{"line":77,"column":4},"end":{"line":77,"column":19}},"26":{"start":{"line":80,"column":0},"end":{"line":86,"column":2}}},"fnMap":{"0":{"name":"(anonymous_0)","decl":{"start":{"line":13,"column":27},"end":{"line":13,"column":28}},"loc":{"start":{"line":13,"column":68},"end":{"line":24,"column":1}},"line":13},"1":{"name":"(anonymous_1)","decl":{"start":{"line":33,"column":30},"end":{"line":33,"column":31}},"loc":{"start":{"line":33,"column":65},"end":{"line":48,"column":1}},"line":33},"2":{"name":"(anonymous_2)","decl":{"start":{"line":54,"column":22},"end":{"line":54,"column":23}},"loc":{"start":{"line":54,"column":28},"end":{"line":56,"column":1}},"line":54},"3":{"name":"(anonymous_3)","decl":{"start":{"line":63,"column":26},"end":{"line":63,"column":27}},"loc":{"start":{"line":63,"column":37},"end":{"line":65,"column":1}},"line":63},"4":{"name":"(anonymous_4)","decl":{"start":{"line":73,"column":31},"end":{"line":73,"column":32}},"loc":{"start":{"line":73,"column":56},"end":{"line":78,"column":1}},"line":73}},"branchMap":{"0":{"loc":{"start":{"line":74,"column":4},"end":{"line":76,"column":5}},"type":"if","locations":[{"start":{"line":74,"column":4},"end":{"line":76,"column":5}},{"start":{},"end":{}}],"line":74}},"s":{"0":1,"1":1,"2":1,"3":1,"4":1,"5":0,"6":0,"7":0,"8":0,"9":0,"10":1,"11":0,"12":0,"13":0,"14":0,"15":0,"16":0,"17":0,"18":1,"19":0,"20":1,"21":0,"22":1,"23":0,"24":0,"25":0,"26":1},"f":{"0":0,"1":0,"2":0,"3":0,"4":0},"b":{"0":[0,0]},"inputSourceMap":null,"_coverageSchema":"1a1c01bbd47fc00a2c39e90264f33305004495a9","hash":"53780bd69c2c21407567607f04d57a565c3b377c"}
}
