{"/Users/Apple/dev/os/ikem/Rend/backend/app.js": {"path":"/Users/Apple/dev/os/ikem/Rend/backend/app.js","statementMap":{"0":{"start":{"line":1,"column":16},"end":{"line":1,"column":34}},"1":{"start":{"line":2,"column":17},"end":{"line":2,"column":36}},"2":{"start":{"line":3,"column":13},"end":{"line":3,"column":28}},"3":{"start":{"line":4,"column":21},"end":{"line":4,"column":45}},"4":{"start":{"line":5,"column":0},"end":{"line":5,"column":27}},"5":{"start":{"line":8,"column":19},"end":{"line":8,"column":49}},"6":{"start":{"line":11,"column":12},"end":{"line":11,"column":21}},"7":{"start":{"line":14,"column":0},"end":{"line":14,"column":24}},"8":{"start":{"line":15,"column":0},"end":{"line":15,"column":24}},"9":{"start":{"line":16,"column":0},"end":{"line":16,"column":16}},"10":{"start":{"line":19,"column":0},"end":{"line":21,"column":67}},"11":{"start":{"line":20,"column":14},"end":{"line":20,"column":46}},"12":{"start":{"line":21,"column":18},"end":{"line":21,"column":65}},"13":{"start":{"line":24,"column":0},"end":{"line":24,"column":33}},"14":{"start":{"line":27,"column":0},"end":{"line":27,"column":61}},"15":{"start":{"line":27,"column":27},"end":{"line":27,"column":59}},"16":{"start":{"line":30,"column":0},"end":{"line":37,"column":3}},"17":{"start":{"line":31,"column":2},"end":{"line":31,"column":27}},"18":{"start":{"line":32,"column":2},"end":{"line":36,"column":5}},"19":{"start":{"line":39,"column":0},"end":{"line":39,"column":21}}},"fnMap":{"0":{"name":"(anonymous_0)","decl":{"start":{"line":20,"column":8},"end":{"line":20,"column":9}},"loc":{"start":{"line":20,"column":14},"end":{"line":20,"column":46}},"line":20},"1":{"name":"(anonymous_1)","decl":{"start":{"line":21,"column":9},"end":{"line":21,"column":10}},"loc":{"start":{"line":21,"column":18},"end":{"line":21,"column":65}},"line":21},"2":{"name":"(anonymous_2)","decl":{"start":{"line":27,"column":13},"end":{"line":27,"column":14}},"loc":{"start":{"line":27,"column":27},"end":{"line":27,"column":59}},"line":27},"3":{"name":"(anonymous_3)","decl":{"start":{"line":30,"column":8},"end":{"line":30,"column":9}},"loc":{"start":{"line":30,"column":33},"end":{"line":37,"column":1}},"line":30}},"branchMap":{"0":{"loc":{"start":{"line":19,"column":17},"end":{"line":19,"column":68}},"type":"binary-expr","locations":[{"start":{"line":19,"column":17},"end":{"line":19,"column":40}},{"start":{"line":19,"column":44},"end":{"line":19,"column":68}}],"line":19},"1":{"loc":{"start":{"line":35,"column":11},"end":{"line":35,"column":75}},"type":"cond-expr","locations":[{"start":{"line":35,"column":52},"end":{"line":35,"column":63}},{"start":{"line":35,"column":66},"end":{"line":35,"column":75}}],"line":35}},"s":{"0":1,"1":1,"2":1,"3":1,"4":1,"5":1,"6":1,"7":1,"8":1,"9":1,"10":1,"11":0,"12":1,"13":1,"14":1,"15":0,"16":1,"17":0,"18":0,"19":1},"f":{"0":0,"1":1,"2":0,"3":0},"b":{"0":[1,0],"1":[0,0]},"inputSourceMap":null,"_coverageSchema":"1a1c01bbd47fc00a2c39e90264f33305004495a9","hash":"2084371f058c09415700e989cda324e1c0cfffea"}
,"/Users/Apple/dev/os/ikem/Rend/backend/controllers/authController.js": {"path":"/Users/Apple/dev/os/ikem/Rend/backend/controllers/authController.js","statementMap":{"0":{"start":{"line":1,"column":13},"end":{"line":1,"column":38}},"1":{"start":{"line":2,"column":14},"end":{"line":2,"column":40}},"2":{"start":{"line":3,"column":12},"end":{"line":3,"column":35}},"3":{"start":{"line":4,"column":15},"end":{"line":4,"column":32}},"4":{"start":{"line":7,"column":18},"end":{"line":7,"column":47}},"5":{"start":{"line":16,"column":4},"end":{"line":16,"column":35}},"6":{"start":{"line":22,"column":4},"end":{"line":22,"column":35}},"7":{"start":{"line":25,"column":18},"end":{"line":39,"column":1}},"8":{"start":{"line":27,"column":16},"end":{"line":29,"column":4}},"9":{"start":{"line":32,"column":2},"end":{"line":32,"column":28}},"10":{"start":{"line":34,"column":2},"end":{"line":38,"column":5}},"11":{"start":{"line":44,"column":0},"end":{"line":82,"column":2}},"12":{"start":{"line":45,"column":2},"end":{"line":81,"column":3}},"13":{"start":{"line":46,"column":42},"end":{"line":46,"column":50}},"14":{"start":{"line":49,"column":25},"end":{"line":49,"column":79}},"15":{"start":{"line":51,"column":4},"end":{"line":64,"column":5}},"16":{"start":{"line":52,"column":6},"end":{"line":57,"column":7}},"17":{"start":{"line":53,"column":8},"end":{"line":56,"column":11}},"18":{"start":{"line":58,"column":6},"end":{"line":63,"column":7}},"19":{"start":{"line":59,"column":8},"end":{"line":62,"column":11}},"20":{"start":{"line":67,"column":17},"end":{"line":71,"column":6}},"21":{"start":{"line":74,"column":4},"end":{"line":74,"column":30}},"22":{"start":{"line":76,"column":4},"end":{"line":80,"column":7}},"23":{"start":{"line":87,"column":0},"end":{"line":128,"column":2}},"24":{"start":{"line":88,"column":2},"end":{"line":127,"column":3}},"25":{"start":{"line":89,"column":32},"end":{"line":89,"column":40}},"26":{"start":{"line":92,"column":4},"end":{"line":97,"column":5}},"27":{"start":{"line":93,"column":6},"end":{"line":96,"column":9}},"28":{"start":{"line":100,"column":17},"end":{"line":100,"column":66}},"29":{"start":{"line":102,"column":4},"end":{"line":107,"column":5}},"30":{"start":{"line":103,"column":6},"end":{"line":106,"column":9}},"31":{"start":{"line":110,"column":20},"end":{"line":110,"column":54}},"32":{"start":{"line":112,"column":4},"end":{"line":117,"column":5}},"33":{"start":{"line":113,"column":6},"end":{"line":116,"column":9}},"34":{"start":{"line":120,"column":4},"end":{"line":120,"column":30}},"35":{"start":{"line":122,"column":4},"end":{"line":126,"column":7}},"36":{"start":{"line":133,"column":0},"end":{"line":197,"column":2}},"37":{"start":{"line":134,"column":2},"end":{"line":196,"column":3}},"38":{"start":{"line":135,"column":22},"end":{"line":135,"column":30}},"39":{"start":{"line":138,"column":4},"end":{"line":143,"column":5}},"40":{"start":{"line":139,"column":6},"end":{"line":142,"column":9}},"41":{"start":{"line":146,"column":17},"end":{"line":146,"column":46}},"42":{"start":{"line":149,"column":4},"end":{"line":154,"column":5}},"43":{"start":{"line":150,"column":6},"end":{"line":153,"column":9}},"44":{"start":{"line":157,"column":23},"end":{"line":157,"column":51}},"45":{"start":{"line":160,"column":4},"end":{"line":160,"column":51}},"46":{"start":{"line":163,"column":21},"end":{"line":163,"column":97}},"47":{"start":{"line":165,"column":20},"end":{"line":165,"column":166}},"48":{"start":{"line":167,"column":4},"end":{"line":189,"column":5}},"49":{"start":{"line":168,"column":6},"end":{"line":172,"column":9}},"50":{"start":{"line":174,"column":6},"end":{"line":177,"column":9}},"51":{"start":{"line":180,"column":6},"end":{"line":180,"column":42}},"52":{"start":{"line":181,"column":6},"end":{"line":181,"column":43}},"53":{"start":{"line":183,"column":6},"end":{"line":183,"column":53}},"54":{"start":{"line":185,"column":6},"end":{"line":188,"column":9}},"55":{"start":{"line":191,"column":4},"end":{"line":195,"column":7}},"56":{"start":{"line":202,"column":0},"end":{"line":243,"column":2}},"57":{"start":{"line":203,"column":2},"end":{"line":242,"column":3}},"58":{"start":{"line":205,"column":31},"end":{"line":208,"column":20}},"59":{"start":{"line":211,"column":17},"end":{"line":214,"column":6}},"60":{"start":{"line":216,"column":4},"end":{"line":221,"column":5}},"61":{"start":{"line":217,"column":6},"end":{"line":220,"column":9}},"62":{"start":{"line":224,"column":4},"end":{"line":224,"column":38}},"63":{"start":{"line":225,"column":4},"end":{"line":225,"column":40}},"64":{"start":{"line":226,"column":4},"end":{"line":226,"column":41}},"65":{"start":{"line":229,"column":4},"end":{"line":229,"column":22}},"66":{"start":{"line":232,"column":4},"end":{"line":235,"column":7}},"67":{"start":{"line":237,"column":4},"end":{"line":241,"column":7}},"68":{"start":{"line":248,"column":0},"end":{"line":263,"column":2}},"69":{"start":{"line":249,"column":2},"end":{"line":262,"column":3}},"70":{"start":{"line":250,"column":17},"end":{"line":250,"column":49}},"71":{"start":{"line":252,"column":4},"end":{"line":255,"column":7}},"72":{"start":{"line":257,"column":4},"end":{"line":261,"column":7}},"73":{"start":{"line":268,"column":0},"end":{"line":316,"column":2}},"74":{"start":{"line":269,"column":2},"end":{"line":315,"column":3}},"75":{"start":{"line":270,"column":42},"end":{"line":270,"column":50}},"76":{"start":{"line":273,"column":4},"end":{"line":278,"column":5}},"77":{"start":{"line":274,"column":6},"end":{"line":277,"column":9}},"78":{"start":{"line":280,"column":4},"end":{"line":285,"column":5}},"79":{"start":{"line":281,"column":6},"end":{"line":284,"column":9}},"80":{"start":{"line":288,"column":30},"end":{"line":288,"column":79}},"81":{"start":{"line":291,"column":18},"end":{"line":291,"column":33}},"82":{"start":{"line":294,"column":4},"end":{"line":297,"column":7}},"83":{"start":{"line":300,"column":20},"end":{"line":300,"column":44}},"84":{"start":{"line":302,"column":4},"end":{"line":308,"column":7}},"85":{"start":{"line":310,"column":4},"end":{"line":314,"column":7}},"86":{"start":{"line":321,"column":0},"end":{"line":412,"column":2}},"87":{"start":{"line":322,"column":2},"end":{"line":411,"column":3}},"88":{"start":{"line":323,"column":62},"end":{"line":323,"column":70}},"89":{"start":{"line":326,"column":4},"end":{"line":331,"column":5}},"90":{"start":{"line":327,"column":6},"end":{"line":330,"column":9}},"91":{"start":{"line":333,"column":4},"end":{"line":338,"column":5}},"92":{"start":{"line":334,"column":6},"end":{"line":337,"column":9}},"93":{"start":{"line":341,"column":30},"end":{"line":341,"column":79}},"94":{"start":{"line":344,"column":23},"end":{"line":344,"column":58}},"95":{"start":{"line":345,"column":4},"end":{"line":350,"column":5}},"96":{"start":{"line":346,"column":6},"end":{"line":349,"column":9}},"97":{"start":{"line":351,"column":18},"end":{"line":351,"column":31}},"98":{"start":{"line":354,"column":21},"end":{"line":358,"column":6}},"99":{"start":{"line":360,"column":4},"end":{"line":365,"column":5}},"100":{"start":{"line":361,"column":6},"end":{"line":364,"column":9}},"101":{"start":{"line":368,"column":27},"end":{"line":368,"column":32}},"102":{"start":{"line":370,"column":4},"end":{"line":374,"column":5}},"103":{"start":{"line":371,"column":6},"end":{"line":371,"column":83}},"104":{"start":{"line":372,"column":11},"end":{"line":374,"column":5}},"105":{"start":{"line":373,"column":6},"end":{"line":373,"column":82}},"106":{"start":{"line":376,"column":4},"end":{"line":381,"column":5}},"107":{"start":{"line":377,"column":6},"end":{"line":380,"column":9}},"108":{"start":{"line":384,"column":4},"end":{"line":384,"column":25}},"109":{"start":{"line":385,"column":4},"end":{"line":385,"column":26}},"110":{"start":{"line":388,"column":15},"end":{"line":388,"column":71}},"111":{"start":{"line":390,"column":4},"end":{"line":401,"column":5}},"112":{"start":{"line":392,"column":6},"end":{"line":396,"column":9}},"113":{"start":{"line":399,"column":6},"end":{"line":399,"column":38}},"114":{"start":{"line":400,"column":6},"end":{"line":400,"column":24}},"115":{"start":{"line":404,"column":4},"end":{"line":404,"column":30}},"116":{"start":{"line":406,"column":4},"end":{"line":410,"column":7}},"117":{"start":{"line":417,"column":0},"end":{"line":485,"column":2}},"118":{"start":{"line":418,"column":2},"end":{"line":484,"column":3}},"119":{"start":{"line":419,"column":22},"end":{"line":419,"column":30}},"120":{"start":{"line":422,"column":4},"end":{"line":427,"column":5}},"121":{"start":{"line":423,"column":6},"end":{"line":426,"column":9}},"122":{"start":{"line":430,"column":4},"end":{"line":435,"column":5}},"123":{"start":{"line":431,"column":6},"end":{"line":434,"column":9}},"124":{"start":{"line":439,"column":4},"end":{"line":446,"column":5}},"125":{"start":{"line":440,"column":6},"end":{"line":440,"column":54}},"126":{"start":{"line":442,"column":6},"end":{"line":445,"column":9}},"127":{"start":{"line":448,"column":38},"end":{"line":448,"column":52}},"128":{"start":{"line":451,"column":15},"end":{"line":451,"column":47}},"129":{"start":{"line":453,"column":4},"end":{"line":474,"column":5}},"130":{"start":{"line":454,"column":27},"end":{"line":454,"column":56}},"131":{"start":{"line":456,"column":6},"end":{"line":469,"column":7}},"132":{"start":{"line":458,"column":8},"end":{"line":458,"column":41}},"133":{"start":{"line":459,"column":8},"end":{"line":459,"column":48}},"134":{"start":{"line":460,"column":8},"end":{"line":460,"column":41}},"135":{"start":{"line":463,"column":8},"end":{"line":468,"column":11}},"136":{"start":{"line":472,"column":6},"end":{"line":472,"column":38}},"137":{"start":{"line":473,"column":6},"end":{"line":473,"column":24}},"138":{"start":{"line":477,"column":4},"end":{"line":477,"column":30}},"139":{"start":{"line":479,"column":4},"end":{"line":483,"column":7}}},"fnMap":{"0":{"name":"(anonymous_0)","decl":{"start":{"line":25,"column":18},"end":{"line":25,"column":19}},"loc":{"start":{"line":25,"column":45},"end":{"line":39,"column":1}},"line":25},"1":{"name":"(anonymous_1)","decl":{"start":{"line":44,"column":19},"end":{"line":44,"column":20}},"loc":{"start":{"line":44,"column":45},"end":{"line":82,"column":1}},"line":44},"2":{"name":"(anonymous_2)","decl":{"start":{"line":87,"column":16},"end":{"line":87,"column":17}},"loc":{"start":{"line":87,"column":42},"end":{"line":128,"column":1}},"line":87},"3":{"name":"(anonymous_3)","decl":{"start":{"line":133,"column":25},"end":{"line":133,"column":26}},"loc":{"start":{"line":133,"column":51},"end":{"line":197,"column":1}},"line":133},"4":{"name":"(anonymous_4)","decl":{"start":{"line":202,"column":24},"end":{"line":202,"column":25}},"loc":{"start":{"line":202,"column":50},"end":{"line":243,"column":1}},"line":202},"5":{"name":"(anonymous_5)","decl":{"start":{"line":248,"column":16},"end":{"line":248,"column":17}},"loc":{"start":{"line":248,"column":42},"end":{"line":263,"column":1}},"line":248},"6":{"name":"(anonymous_6)","decl":{"start":{"line":268,"column":19},"end":{"line":268,"column":20}},"loc":{"start":{"line":268,"column":45},"end":{"line":316,"column":1}},"line":268},"7":{"name":"(anonymous_7)","decl":{"start":{"line":321,"column":22},"end":{"line":321,"column":23}},"loc":{"start":{"line":321,"column":48},"end":{"line":412,"column":1}},"line":321},"8":{"name":"(anonymous_8)","decl":{"start":{"line":417,"column":22},"end":{"line":417,"column":23}},"loc":{"start":{"line":417,"column":48},"end":{"line":485,"column":1}},"line":417}},"branchMap":{"0":{"loc":{"start":{"line":51,"column":4},"end":{"line":64,"column":5}},"type":"if","locations":[{"start":{"line":51,"column":4},"end":{"line":64,"column":5}},{"start":{},"end":{}}],"line":51},"1":{"loc":{"start":{"line":52,"column":6},"end":{"line":57,"column":7}},"type":"if","locations":[{"start":{"line":52,"column":6},"end":{"line":57,"column":7}},{"start":{},"end":{}}],"line":52},"2":{"loc":{"start":{"line":58,"column":6},"end":{"line":63,"column":7}},"type":"if","locations":[{"start":{"line":58,"column":6},"end":{"line":63,"column":7}},{"start":{},"end":{}}],"line":58},"3":{"loc":{"start":{"line":79,"column":13},"end":{"line":79,"column":79}},"type":"cond-expr","locations":[{"start":{"line":79,"column":54},"end":{"line":79,"column":67}},{"start":{"line":79,"column":70},"end":{"line":79,"column":79}}],"line":79},"4":{"loc":{"start":{"line":92,"column":4},"end":{"line":97,"column":5}},"type":"if","locations":[{"start":{"line":92,"column":4},"end":{"line":97,"column":5}},{"start":{},"end":{}}],"line":92},"5":{"loc":{"start":{"line":92,"column":8},"end":{"line":92,"column":27}},"type":"binary-expr","locations":[{"start":{"line":92,"column":8},"end":{"line":92,"column":14}},{"start":{"line":92,"column":18},"end":{"line":92,"column":27}}],"line":92},"6":{"loc":{"start":{"line":102,"column":4},"end":{"line":107,"column":5}},"type":"if","locations":[{"start":{"line":102,"column":4},"end":{"line":107,"column":5}},{"start":{},"end":{}}],"line":102},"7":{"loc":{"start":{"line":112,"column":4},"end":{"line":117,"column":5}},"type":"if","locations":[{"start":{"line":112,"column":4},"end":{"line":117,"column":5}},{"start":{},"end":{}}],"line":112},"8":{"loc":{"start":{"line":125,"column":13},"end":{"line":125,"column":79}},"type":"cond-expr","locations":[{"start":{"line":125,"column":54},"end":{"line":125,"column":67}},{"start":{"line":125,"column":70},"end":{"line":125,"column":79}}],"line":125},"9":{"loc":{"start":{"line":138,"column":4},"end":{"line":143,"column":5}},"type":"if","locations":[{"start":{"line":138,"column":4},"end":{"line":143,"column":5}},{"start":{},"end":{}}],"line":138},"10":{"loc":{"start":{"line":149,"column":4},"end":{"line":154,"column":5}},"type":"if","locations":[{"start":{"line":149,"column":4},"end":{"line":154,"column":5}},{"start":{},"end":{}}],"line":149},"11":{"loc":{"start":{"line":194,"column":13},"end":{"line":194,"column":79}},"type":"cond-expr","locations":[{"start":{"line":194,"column":54},"end":{"line":194,"column":67}},{"start":{"line":194,"column":70},"end":{"line":194,"column":79}}],"line":194},"12":{"loc":{"start":{"line":216,"column":4},"end":{"line":221,"column":5}},"type":"if","locations":[{"start":{"line":216,"column":4},"end":{"line":221,"column":5}},{"start":{},"end":{}}],"line":216},"13":{"loc":{"start":{"line":240,"column":13},"end":{"line":240,"column":79}},"type":"cond-expr","locations":[{"start":{"line":240,"column":54},"end":{"line":240,"column":67}},{"start":{"line":240,"column":70},"end":{"line":240,"column":79}}],"line":240},"14":{"loc":{"start":{"line":260,"column":13},"end":{"line":260,"column":79}},"type":"cond-expr","locations":[{"start":{"line":260,"column":54},"end":{"line":260,"column":67}},{"start":{"line":260,"column":70},"end":{"line":260,"column":79}}],"line":260},"15":{"loc":{"start":{"line":273,"column":4},"end":{"line":278,"column":5}},"type":"if","locations":[{"start":{"line":273,"column":4},"end":{"line":278,"column":5}},{"start":{},"end":{}}],"line":273},"16":{"loc":{"start":{"line":273,"column":8},"end":{"line":273,"column":37}},"type":"binary-expr","locations":[{"start":{"line":273,"column":8},"end":{"line":273,"column":22}},{"start":{"line":273,"column":26},"end":{"line":273,"column":37}}],"line":273},"17":{"loc":{"start":{"line":280,"column":4},"end":{"line":285,"column":5}},"type":"if","locations":[{"start":{"line":280,"column":4},"end":{"line":285,"column":5}},{"start":{},"end":{}}],"line":280},"18":{"loc":{"start":{"line":313,"column":13},"end":{"line":313,"column":79}},"type":"cond-expr","locations":[{"start":{"line":313,"column":54},"end":{"line":313,"column":67}},{"start":{"line":313,"column":70},"end":{"line":313,"column":79}}],"line":313},"19":{"loc":{"start":{"line":326,"column":4},"end":{"line":331,"column":5}},"type":"if","locations":[{"start":{"line":326,"column":4},"end":{"line":331,"column":5}},{"start":{},"end":{}}],"line":326},"20":{"loc":{"start":{"line":326,"column":8},"end":{"line":326,"column":63}},"type":"binary-expr","locations":[{"start":{"line":326,"column":8},"end":{"line":326,"column":22}},{"start":{"line":326,"column":26},"end":{"line":326,"column":36}},{"start":{"line":326,"column":40},"end":{"line":326,"column":48}},{"start":{"line":326,"column":52},"end":{"line":326,"column":63}}],"line":326},"21":{"loc":{"start":{"line":333,"column":4},"end":{"line":338,"column":5}},"type":"if","locations":[{"start":{"line":333,"column":4},"end":{"line":338,"column":5}},{"start":{},"end":{}}],"line":333},"22":{"loc":{"start":{"line":345,"column":4},"end":{"line":350,"column":5}},"type":"if","locations":[{"start":{"line":345,"column":4},"end":{"line":350,"column":5}},{"start":{},"end":{}}],"line":345},"23":{"loc":{"start":{"line":360,"column":4},"end":{"line":365,"column":5}},"type":"if","locations":[{"start":{"line":360,"column":4},"end":{"line":365,"column":5}},{"start":{},"end":{}}],"line":360},"24":{"loc":{"start":{"line":370,"column":4},"end":{"line":374,"column":5}},"type":"if","locations":[{"start":{"line":370,"column":4},"end":{"line":374,"column":5}},{"start":{"line":372,"column":11},"end":{"line":374,"column":5}}],"line":370},"25":{"loc":{"start":{"line":372,"column":11},"end":{"line":374,"column":5}},"type":"if","locations":[{"start":{"line":372,"column":11},"end":{"line":374,"column":5}},{"start":{},"end":{}}],"line":372},"26":{"loc":{"start":{"line":376,"column":4},"end":{"line":381,"column":5}},"type":"if","locations":[{"start":{"line":376,"column":4},"end":{"line":381,"column":5}},{"start":{},"end":{}}],"line":376},"27":{"loc":{"start":{"line":390,"column":4},"end":{"line":401,"column":5}},"type":"if","locations":[{"start":{"line":390,"column":4},"end":{"line":401,"column":5}},{"start":{"line":397,"column":11},"end":{"line":401,"column":5}}],"line":390},"28":{"loc":{"start":{"line":409,"column":13},"end":{"line":409,"column":79}},"type":"cond-expr","locations":[{"start":{"line":409,"column":54},"end":{"line":409,"column":67}},{"start":{"line":409,"column":70},"end":{"line":409,"column":79}}],"line":409},"29":{"loc":{"start":{"line":422,"column":4},"end":{"line":427,"column":5}},"type":"if","locations":[{"start":{"line":422,"column":4},"end":{"line":427,"column":5}},{"start":{},"end":{}}],"line":422},"30":{"loc":{"start":{"line":430,"column":4},"end":{"line":435,"column":5}},"type":"if","locations":[{"start":{"line":430,"column":4},"end":{"line":435,"column":5}},{"start":{},"end":{}}],"line":430},"31":{"loc":{"start":{"line":453,"column":4},"end":{"line":474,"column":5}},"type":"if","locations":[{"start":{"line":453,"column":4},"end":{"line":474,"column":5}},{"start":{"line":470,"column":11},"end":{"line":474,"column":5}}],"line":453},"32":{"loc":{"start":{"line":456,"column":6},"end":{"line":469,"column":7}},"type":"if","locations":[{"start":{"line":456,"column":6},"end":{"line":469,"column":7}},{"start":{"line":461,"column":13},"end":{"line":469,"column":7}}],"line":456},"33":{"loc":{"start":{"line":466,"column":20},"end":{"line":466,"column":96}},"type":"cond-expr","locations":[{"start":{"line":466,"column":27},"end":{"line":466,"column":65}},{"start":{"line":466,"column":68},"end":{"line":466,"column":96}}],"line":466},"34":{"loc":{"start":{"line":482,"column":13},"end":{"line":482,"column":79}},"type":"cond-expr","locations":[{"start":{"line":482,"column":54},"end":{"line":482,"column":67}},{"start":{"line":482,"column":70},"end":{"line":482,"column":79}}],"line":482}},"s":{"0":1,"1":1,"2":1,"3":1,"4":1,"5":1,"6":1,"7":1,"8":0,"9":0,"10":0,"11":1,"12":0,"13":0,"14":0,"15":0,"16":0,"17":0,"18":0,"19":0,"20":0,"21":0,"22":0,"23":1,"24":0,"25":0,"26":0,"27":0,"28":0,"29":0,"30":0,"31":0,"32":0,"33":0,"34":0,"35":0,"36":1,"37":0,"38":0,"39":0,"40":0,"41":0,"42":0,"43":0,"44":0,"45":0,"46":0,"47":0,"48":0,"49":0,"50":0,"51":0,"52":0,"53":0,"54":0,"55":0,"56":1,"57":0,"58":0,"59":0,"60":0,"61":0,"62":0,"63":0,"64":0,"65":0,"66":0,"67":0,"68":1,"69":0,"70":0,"71":0,"72":0,"73":1,"74":0,"75":0,"76":0,"77":0,"78":0,"79":0,"80":0,"81":0,"82":0,"83":0,"84":0,"85":0,"86":1,"87":0,"88":0,"89":0,"90":0,"91":0,"92":0,"93":0,"94":0,"95":0,"96":0,"97":0,"98":0,"99":0,"100":0,"101":0,"102":0,"103":0,"104":0,"105":0,"106":0,"107":0,"108":0,"109":0,"110":0,"111":0,"112":0,"113":0,"114":0,"115":0,"116":0,"117":1,"118":0,"119":0,"120":0,"121":0,"122":0,"123":0,"124":0,"125":0,"126":0,"127":0,"128":0,"129":0,"130":0,"131":0,"132":0,"133":0,"134":0,"135":0,"136":0,"137":0,"138":0,"139":0},"f":{"0":0,"1":0,"2":0,"3":0,"4":0,"5":0,"6":0,"7":0,"8":0},"b":{"0":[0,0],"1":[0,0],"2":[0,0],"3":[0,0],"4":[0,0],"5":[0,0],"6":[0,0],"7":[0,0],"8":[0,0],"9":[0,0],"10":[0,0],"11":[0,0],"12":[0,0],"13":[0,0],"14":[0,0],"15":[0,0],"16":[0,0],"17":[0,0],"18":[0,0],"19":[0,0],"20":[0,0,0,0],"21":[0,0],"22":[0,0],"23":[0,0],"24":[0,0],"25":[0,0],"26":[0,0],"27":[0,0],"28":[0,0],"29":[0,0],"30":[0,0],"31":[0,0],"32":[0,0],"33":[0,0],"34":[0,0]},"inputSourceMap":null,"_coverageSchema":"1a1c01bbd47fc00a2c39e90264f33305004495a9","hash":"d0faeda3b0e0122eb28dffc7add19288f1472c0f"}
,"/Users/Apple/dev/os/ikem/Rend/backend/middleware/authMiddleware.js": {"path":"/Users/Apple/dev/os/ikem/Rend/backend/middleware/authMiddleware.js","statementMap":{"0":{"start":{"line":1,"column":12},"end":{"line":1,"column":35}},"1":{"start":{"line":2,"column":13},"end":{"line":2,"column":38}},"2":{"start":{"line":8,"column":0},"end":{"line":50,"column":2}},"3":{"start":{"line":12,"column":2},"end":{"line":18,"column":3}},"4":{"start":{"line":17,"column":4},"end":{"line":17,"column":52}},"5":{"start":{"line":21,"column":2},"end":{"line":26,"column":3}},"6":{"start":{"line":22,"column":4},"end":{"line":25,"column":7}},"7":{"start":{"line":28,"column":2},"end":{"line":49,"column":3}},"8":{"start":{"line":30,"column":20},"end":{"line":30,"column":61}},"9":{"start":{"line":33,"column":4},"end":{"line":33,"column":47}},"10":{"start":{"line":36,"column":4},"end":{"line":41,"column":5}},"11":{"start":{"line":37,"column":6},"end":{"line":40,"column":9}},"12":{"start":{"line":43,"column":4},"end":{"line":43,"column":11}},"13":{"start":{"line":45,"column":4},"end":{"line":48,"column":7}}},"fnMap":{"0":{"name":"(anonymous_0)","decl":{"start":{"line":8,"column":18},"end":{"line":8,"column":19}},"loc":{"start":{"line":8,"column":44},"end":{"line":50,"column":1}},"line":8}},"branchMap":{"0":{"loc":{"start":{"line":12,"column":2},"end":{"line":18,"column":3}},"type":"if","locations":[{"start":{"line":12,"column":2},"end":{"line":18,"column":3}},{"start":{},"end":{}}],"line":12},"1":{"loc":{"start":{"line":13,"column":4},"end":{"line":14,"column":50}},"type":"binary-expr","locations":[{"start":{"line":13,"column":4},"end":{"line":13,"column":29}},{"start":{"line":14,"column":4},"end":{"line":14,"column":50}}],"line":13},"2":{"loc":{"start":{"line":21,"column":2},"end":{"line":26,"column":3}},"type":"if","locations":[{"start":{"line":21,"column":2},"end":{"line":26,"column":3}},{"start":{},"end":{}}],"line":21},"3":{"loc":{"start":{"line":36,"column":4},"end":{"line":41,"column":5}},"type":"if","locations":[{"start":{"line":36,"column":4},"end":{"line":41,"column":5}},{"start":{},"end":{}}],"line":36}},"s":{"0":1,"1":1,"2":1,"3":0,"4":0,"5":0,"6":0,"7":0,"8":0,"9":0,"10":0,"11":0,"12":0,"13":0},"f":{"0":0},"b":{"0":[0,0],"1":[0,0],"2":[0,0],"3":[0,0]},"inputSourceMap":null,"_coverageSchema":"1a1c01bbd47fc00a2c39e90264f33305004495a9","hash":"c01c45052275366d919c06da8ca29a6da5c6d04d"}
,"/Users/Apple/dev/os/ikem/Rend/backend/models/Nonce.js": {"path":"/Users/Apple/dev/os/ikem/Rend/backend/models/Nonce.js","statementMap":{"0":{"start":{"line":1,"column":17},"end":{"line":1,"column":36}},"1":{"start":{"line":3,"column":20},"end":{"line":24,"column":2}},"2":{"start":{"line":27,"column":0},"end":{"line":27,"column":50}},"3":{"start":{"line":28,"column":0},"end":{"line":28,"column":63}},"4":{"start":{"line":30,"column":0},"end":{"line":30,"column":54}}},"fnMap":{},"branchMap":{},"s":{"0":1,"1":1,"2":1,"3":1,"4":1},"f":{},"b":{},"inputSourceMap":null,"_coverageSchema":"1a1c01bbd47fc00a2c39e90264f33305004495a9","hash":"4d37874287ec428ce44b7a8bbc29953d56211da2"}
,"/Users/Apple/dev/os/ikem/Rend/backend/models/User.js": {"path":"/Users/Apple/dev/os/ikem/Rend/backend/models/User.js","statementMap":{"0":{"start":{"line":1,"column":17},"end":{"line":1,"column":36}},"1":{"start":{"line":2,"column":15},"end":{"line":2,"column":34}},"2":{"start":{"line":3,"column":15},"end":{"line":3,"column":32}},"3":{"start":{"line":5,"column":19},"end":{"line":72,"column":2}},"4":{"start":{"line":10,"column":6},"end":{"line":10,"column":51}},"5":{"start":{"line":20,"column":6},"end":{"line":20,"column":51}},"6":{"start":{"line":34,"column":6},"end":{"line":34,"column":51}},"7":{"start":{"line":49,"column":6},"end":{"line":49,"column":34}},"8":{"start":{"line":75,"column":0},"end":{"line":90,"column":3}},"9":{"start":{"line":77,"column":2},"end":{"line":79,"column":3}},"10":{"start":{"line":78,"column":4},"end":{"line":78,"column":18}},"11":{"start":{"line":81,"column":2},"end":{"line":89,"column":3}},"12":{"start":{"line":83,"column":17},"end":{"line":83,"column":41}},"13":{"start":{"line":85,"column":4},"end":{"line":85,"column":59}},"14":{"start":{"line":86,"column":4},"end":{"line":86,"column":11}},"15":{"start":{"line":88,"column":4},"end":{"line":88,"column":16}},"16":{"start":{"line":93,"column":0},"end":{"line":95,"column":2}},"17":{"start":{"line":94,"column":2},"end":{"line":94,"column":62}},"18":{"start":{"line":98,"column":0},"end":{"line":112,"column":2}},"19":{"start":{"line":100,"column":21},"end":{"line":100,"column":59}},"20":{"start":{"line":103,"column":2},"end":{"line":106,"column":19}},"21":{"start":{"line":109,"column":2},"end":{"line":109,"column":57}},"22":{"start":{"line":111,"column":2},"end":{"line":111,"column":20}},"23":{"start":{"line":114,"column":0},"end":{"line":114,"column":52}}},"fnMap":{"0":{"name":"(anonymous_0)","decl":{"start":{"line":8,"column":14},"end":{"line":8,"column":15}},"loc":{"start":{"line":8,"column":26},"end":{"line":11,"column":5}},"line":8},"1":{"name":"(anonymous_1)","decl":{"start":{"line":19,"column":14},"end":{"line":19,"column":15}},"loc":{"start":{"line":19,"column":26},"end":{"line":21,"column":5}},"line":19},"2":{"name":"(anonymous_2)","decl":{"start":{"line":33,"column":14},"end":{"line":33,"column":15}},"loc":{"start":{"line":33,"column":26},"end":{"line":35,"column":5}},"line":33},"3":{"name":"(anonymous_3)","decl":{"start":{"line":48,"column":14},"end":{"line":48,"column":15}},"loc":{"start":{"line":48,"column":26},"end":{"line":50,"column":5}},"line":48},"4":{"name":"(anonymous_4)","decl":{"start":{"line":75,"column":23},"end":{"line":75,"column":24}},"loc":{"start":{"line":75,"column":45},"end":{"line":90,"column":1}},"line":75},"5":{"name":"(anonymous_5)","decl":{"start":{"line":93,"column":35},"end":{"line":93,"column":36}},"loc":{"start":{"line":93,"column":68},"end":{"line":95,"column":1}},"line":93},"6":{"name":"(anonymous_6)","decl":{"start":{"line":98,"column":43},"end":{"line":98,"column":44}},"loc":{"start":{"line":98,"column":55},"end":{"line":112,"column":1}},"line":98}},"branchMap":{"0":{"loc":{"start":{"line":10,"column":13},"end":{"line":10,"column":50}},"type":"binary-expr","locations":[{"start":{"line":10,"column":13},"end":{"line":10,"column":32}},{"start":{"line":10,"column":36},"end":{"line":10,"column":50}}],"line":10},"1":{"loc":{"start":{"line":20,"column":13},"end":{"line":20,"column":50}},"type":"binary-expr","locations":[{"start":{"line":20,"column":13},"end":{"line":20,"column":32}},{"start":{"line":20,"column":36},"end":{"line":20,"column":50}}],"line":20},"2":{"loc":{"start":{"line":34,"column":13},"end":{"line":34,"column":50}},"type":"binary-expr","locations":[{"start":{"line":34,"column":13},"end":{"line":34,"column":32}},{"start":{"line":34,"column":36},"end":{"line":34,"column":50}}],"line":34},"3":{"loc":{"start":{"line":77,"column":2},"end":{"line":79,"column":3}},"type":"if","locations":[{"start":{"line":77,"column":2},"end":{"line":79,"column":3}},{"start":{},"end":{}}],"line":77}},"s":{"0":1,"1":1,"2":1,"3":1,"4":0,"5":0,"6":0,"7":0,"8":1,"9":0,"10":0,"11":0,"12":0,"13":0,"14":0,"15":0,"16":1,"17":0,"18":1,"19":0,"20":0,"21":0,"22":0,"23":1},"f":{"0":0,"1":0,"2":0,"3":0,"4":0,"5":0,"6":0},"b":{"0":[0,0],"1":[0,0],"2":[0,0],"3":[0,0]},"inputSourceMap":null,"_coverageSchema":"1a1c01bbd47fc00a2c39e90264f33305004495a9","hash":"9e13cd018516ad71031f4314be2885e37e423661"}
,"/Users/Apple/dev/os/ikem/Rend/backend/routes/authRoutes.js": {"path":"/Users/Apple/dev/os/ikem/Rend/backend/routes/authRoutes.js","statementMap":{"0":{"start":{"line":1,"column":16},"end":{"line":1,"column":34}},"1":{"start":{"line":2,"column":15},"end":{"line":2,"column":31}},"2":{"start":{"line":12,"column":4},"end":{"line":12,"column":44}},"3":{"start":{"line":13,"column":20},"end":{"line":13,"column":59}},"4":{"start":{"line":16,"column":0},"end":{"line":16,"column":35}},"5":{"start":{"line":17,"column":0},"end":{"line":17,"column":29}},"6":{"start":{"line":18,"column":0},"end":{"line":18,"column":48}},"7":{"start":{"line":19,"column":0},"end":{"line":19,"column":53}},"8":{"start":{"line":20,"column":0},"end":{"line":20,"column":34}},"9":{"start":{"line":23,"column":0},"end":{"line":23,"column":39}},"10":{"start":{"line":24,"column":0},"end":{"line":24,"column":36}},"11":{"start":{"line":27,"column":0},"end":{"line":27,"column":36}},"12":{"start":{"line":29,"column":0},"end":{"line":29,"column":24}}},"fnMap":{},"branchMap":{},"s":{"0":1,"1":1,"2":1,"3":1,"4":1,"5":1,"6":1,"7":1,"8":1,"9":1,"10":1,"11":1,"12":1},"f":{},"b":{},"inputSourceMap":null,"_coverageSchema":"1a1c01bbd47fc00a2c39e90264f33305004495a9","hash":"bd7547b0916b8d4cc54ce37a71e2c0d7f9b4e86a"}
,"/Users/Apple/dev/os/ikem/Rend/backend/utils/googleUtils.js": {"path":"/Users/Apple/dev/os/ikem/Rend/backend/utils/googleUtils.js","statementMap":{"0":{"start":{"line":1,"column":25},"end":{"line":1,"column":55}},"1":{"start":{"line":4,"column":15},"end":{"line":4,"column":61}},"2":{"start":{"line":11,"column":26},"end":{"line":38,"column":1}},"3":{"start":{"line":12,"column":4},"end":{"line":37,"column":5}},"4":{"start":{"line":14,"column":23},"end":{"line":17,"column":10}},"5":{"start":{"line":20,"column":24},"end":{"line":20,"column":43}},"6":{"start":{"line":22,"column":8},"end":{"line":24,"column":9}},"7":{"start":{"line":23,"column":12},"end":{"line":23,"column":53}},"8":{"start":{"line":27,"column":8},"end":{"line":33,"column":10}},"9":{"start":{"line":35,"column":8},"end":{"line":35,"column":65}},"10":{"start":{"line":36,"column":8},"end":{"line":36,"column":48}},"11":{"start":{"line":44,"column":32},"end":{"line":46,"column":1}},"12":{"start":{"line":45,"column":4},"end":{"line":45,"column":44}},"13":{"start":{"line":48,"column":0},"end":{"line":51,"column":2}}},"fnMap":{"0":{"name":"(anonymous_0)","decl":{"start":{"line":11,"column":26},"end":{"line":11,"column":27}},"loc":{"start":{"line":11,"column":43},"end":{"line":38,"column":1}},"line":11},"1":{"name":"(anonymous_1)","decl":{"start":{"line":44,"column":32},"end":{"line":44,"column":33}},"loc":{"start":{"line":44,"column":38},"end":{"line":46,"column":1}},"line":44}},"branchMap":{"0":{"loc":{"start":{"line":22,"column":8},"end":{"line":24,"column":9}},"type":"if","locations":[{"start":{"line":22,"column":8},"end":{"line":24,"column":9}},{"start":{},"end":{}}],"line":22}},"s":{"0":1,"1":1,"2":1,"3":0,"4":0,"5":0,"6":0,"7":0,"8":0,"9":0,"10":0,"11":1,"12":0,"13":1},"f":{"0":0,"1":0},"b":{"0":[0,0]},"inputSourceMap":null,"_coverageSchema":"1a1c01bbd47fc00a2c39e90264f33305004495a9","hash":"c6f2111170e02e21805e6d807a9b95adb3ae141d"}
,"/Users/Apple/dev/os/ikem/Rend/backend/utils/sendEmail.js": {"path":"/Users/Apple/dev/os/ikem/Rend/backend/utils/sendEmail.js","statementMap":{"0":{"start":{"line":1,"column":19},"end":{"line":1,"column":40}},"1":{"start":{"line":8,"column":18},"end":{"line":54,"column":1}},"2":{"start":{"line":10,"column":38},"end":{"line":10,"column":45}},"3":{"start":{"line":13,"column":23},"end":{"line":13,"column":60}},"4":{"start":{"line":15,"column":2},"end":{"line":53,"column":3}},"5":{"start":{"line":20,"column":24},"end":{"line":26,"column":6}},"6":{"start":{"line":29,"column":24},"end":{"line":34,"column":5}},"7":{"start":{"line":37,"column":4},"end":{"line":37,"column":44}},"8":{"start":{"line":39,"column":4},"end":{"line":39,"column":42}},"9":{"start":{"line":42,"column":4},"end":{"line":42,"column":62}},"10":{"start":{"line":43,"column":4},"end":{"line":43,"column":63}},"11":{"start":{"line":44,"column":4},"end":{"line":44,"column":62}},"12":{"start":{"line":45,"column":4},"end":{"line":45,"column":32}},"13":{"start":{"line":46,"column":4},"end":{"line":46,"column":39}},"14":{"start":{"line":47,"column":4},"end":{"line":47,"column":62}},"15":{"start":{"line":48,"column":4},"end":{"line":48,"column":25}},"16":{"start":{"line":49,"column":4},"end":{"line":49,"column":62}},"17":{"start":{"line":56,"column":0},"end":{"line":56,"column":27}}},"fnMap":{"0":{"name":"(anonymous_0)","decl":{"start":{"line":8,"column":18},"end":{"line":8,"column":19}},"loc":{"start":{"line":8,"column":37},"end":{"line":54,"column":1}},"line":8}},"branchMap":{"0":{"loc":{"start":{"line":15,"column":2},"end":{"line":53,"column":3}},"type":"if","locations":[{"start":{"line":15,"column":2},"end":{"line":53,"column":3}},{"start":{"line":40,"column":9},"end":{"line":53,"column":3}}],"line":15}},"s":{"0":1,"1":1,"2":0,"3":0,"4":0,"5":0,"6":0,"7":0,"8":0,"9":0,"10":0,"11":0,"12":0,"13":0,"14":0,"15":0,"16":0,"17":1},"f":{"0":0},"b":{"0":[0,0]},"inputSourceMap":null,"_coverageSchema":"1a1c01bbd47fc00a2c39e90264f33305004495a9","hash":"3e9fc74f1cc5db4d0db323ce943fa63866f80ffb"}
,"/Users/Apple/dev/os/ikem/Rend/backend/utils/walletUtils.js": {"path":"/Users/Apple/dev/os/ikem/Rend/backend/utils/walletUtils.js","statementMap":{"0":{"start":{"line":1,"column":19},"end":{"line":1,"column":36}},"1":{"start":{"line":2,"column":22},"end":{"line":2,"column":48}},"2":{"start":{"line":3,"column":13},"end":{"line":3,"column":33}},"3":{"start":{"line":4,"column":15},"end":{"line":4,"column":32}},"4":{"start":{"line":13,"column":27},"end":{"line":24,"column":1}},"5":{"start":{"line":14,"column":4},"end":{"line":23,"column":5}},"6":{"start":{"line":16,"column":33},"end":{"line":16,"column":73}},"7":{"start":{"line":19,"column":8},"end":{"line":19,"column":80}},"8":{"start":{"line":21,"column":8},"end":{"line":21,"column":66}},"9":{"start":{"line":22,"column":8},"end":{"line":22,"column":21}},"10":{"start":{"line":33,"column":30},"end":{"line":48,"column":1}},"11":{"start":{"line":34,"column":4},"end":{"line":47,"column":5}},"12":{"start":{"line":36,"column":29},"end":{"line":36,"column":62}},"13":{"start":{"line":39,"column":31},"end":{"line":39,"column":63}},"14":{"start":{"line":40,"column":31},"end":{"line":40,"column":65}},"15":{"start":{"line":43,"column":8},"end":{"line":43,"column":87}},"16":{"start":{"line":45,"column":8},"end":{"line":45,"column":69}},"17":{"start":{"line":46,"column":8},"end":{"line":46,"column":21}},"18":{"start":{"line":54,"column":22},"end":{"line":56,"column":1}},"19":{"start":{"line":55,"column":4},"end":{"line":55,"column":50}},"20":{"start":{"line":63,"column":26},"end":{"line":65,"column":1}},"21":{"start":{"line":64,"column":4},"end":{"line":64,"column":77}},"22":{"start":{"line":73,"column":31},"end":{"line":78,"column":1}},"23":{"start":{"line":74,"column":4},"end":{"line":76,"column":5}},"24":{"start":{"line":75,"column":8},"end":{"line":75,"column":37}},"25":{"start":{"line":77,"column":4},"end":{"line":77,"column":19}},"26":{"start":{"line":80,"column":0},"end":{"line":86,"column":2}}},"fnMap":{"0":{"name":"(anonymous_0)","decl":{"start":{"line":13,"column":27},"end":{"line":13,"column":28}},"loc":{"start":{"line":13,"column":68},"end":{"line":24,"column":1}},"line":13},"1":{"name":"(anonymous_1)","decl":{"start":{"line":33,"column":30},"end":{"line":33,"column":31}},"loc":{"start":{"line":33,"column":65},"end":{"line":48,"column":1}},"line":33},"2":{"name":"(anonymous_2)","decl":{"start":{"line":54,"column":22},"end":{"line":54,"column":23}},"loc":{"start":{"line":54,"column":28},"end":{"line":56,"column":1}},"line":54},"3":{"name":"(anonymous_3)","decl":{"start":{"line":63,"column":26},"end":{"line":63,"column":27}},"loc":{"start":{"line":63,"column":37},"end":{"line":65,"column":1}},"line":63},"4":{"name":"(anonymous_4)","decl":{"start":{"line":73,"column":31},"end":{"line":73,"column":32}},"loc":{"start":{"line":73,"column":56},"end":{"line":78,"column":1}},"line":73}},"branchMap":{"0":{"loc":{"start":{"line":74,"column":4},"end":{"line":76,"column":5}},"type":"if","locations":[{"start":{"line":74,"column":4},"end":{"line":76,"column":5}},{"start":{},"end":{}}],"line":74}},"s":{"0":1,"1":1,"2":1,"3":1,"4":1,"5":0,"6":0,"7":0,"8":0,"9":0,"10":1,"11":0,"12":0,"13":0,"14":0,"15":0,"16":0,"17":0,"18":1,"19":0,"20":1,"21":0,"22":1,"23":0,"24":0,"25":0,"26":1},"f":{"0":0,"1":0,"2":0,"3":0,"4":0},"b":{"0":[0,0]},"inputSourceMap":null,"_coverageSchema":"1a1c01bbd47fc00a2c39e90264f33305004495a9","hash":"53780bd69c2c21407567607f04d57a565c3b377c"}
}
