TN:
SF:app.js
FN:20,(anonymous_0)
FN:21,(anonymous_1)
FN:27,(anonymous_2)
FN:30,(anonymous_3)
FNF:4
FNH:1
FNDA:0,(anonymous_0)
FNDA:1,(anonymous_1)
FNDA:0,(anonymous_2)
FNDA:0,(anonymous_3)
DA:1,1
DA:2,1
DA:3,1
DA:4,1
DA:5,1
DA:8,1
DA:11,1
DA:14,1
DA:15,1
DA:16,1
DA:19,1
DA:20,0
DA:21,1
DA:24,1
DA:27,1
DA:30,1
DA:31,0
DA:32,0
DA:39,1
LF:19
LH:16
BRDA:19,0,0,1
BRDA:19,0,1,1
BRDA:35,1,0,0
BRDA:35,1,1,0
BRF:4
BRH:2
end_of_record
TN:
SF:controllers/authController.js
FN:19,(anonymous_0)
FN:38,(anonymous_1)
FN:81,(anonymous_2)
FN:127,(anonymous_3)
FN:196,(anonymous_4)
FN:242,(anonymous_5)
FN:262,(anonymous_6)
FN:315,(anonymous_7)
FNF:8
FNH:0
FNDA:0,(anonymous_0)
FNDA:0,(anonymous_1)
FNDA:0,(anonymous_2)
FNDA:0,(anonymous_3)
FNDA:0,(anonymous_4)
FNDA:0,(anonymous_5)
FNDA:0,(anonymous_6)
FNDA:0,(anonymous_7)
DA:1,1
DA:2,1
DA:3,1
DA:4,1
DA:7,1
DA:16,1
DA:19,1
DA:21,0
DA:26,0
DA:28,0
DA:38,1
DA:39,0
DA:40,0
DA:43,0
DA:45,0
DA:46,0
DA:47,0
DA:52,0
DA:53,0
DA:61,0
DA:68,0
DA:70,0
DA:81,1
DA:82,0
DA:83,0
DA:86,0
DA:87,0
DA:94,0
DA:96,0
DA:97,0
DA:104,0
DA:106,0
DA:107,0
DA:114,0
DA:116,0
DA:127,1
DA:128,0
DA:129,0
DA:132,0
DA:133,0
DA:140,0
DA:143,0
DA:144,0
DA:151,0
DA:154,0
DA:157,0
DA:159,0
DA:161,0
DA:162,0
DA:168,0
DA:174,0
DA:175,0
DA:177,0
DA:179,0
DA:185,0
DA:196,1
DA:197,0
DA:199,0
DA:205,0
DA:210,0
DA:211,0
DA:218,0
DA:219,0
DA:220,0
DA:223,0
DA:226,0
DA:231,0
DA:242,1
DA:243,0
DA:244,0
DA:246,0
DA:251,0
DA:262,1
DA:263,0
DA:264,0
DA:267,0
DA:268,0
DA:274,0
DA:275,0
DA:282,0
DA:285,0
DA:288,0
DA:294,0
DA:296,0
DA:304,0
DA:315,1
DA:316,0
DA:317,0
DA:320,0
DA:321,0
DA:327,0
DA:328,0
DA:335,0
DA:338,0
DA:339,0
DA:340,0
DA:345,0
DA:348,0
DA:354,0
DA:355,0
DA:362,0
DA:364,0
DA:365,0
DA:366,0
DA:367,0
DA:370,0
DA:371,0
DA:378,0
DA:379,0
DA:382,0
DA:384,0
DA:386,0
DA:393,0
DA:394,0
DA:398,0
DA:400,0
LF:116
LH:14
BRDA:45,0,0,0
BRDA:45,0,1,0
BRDA:46,1,0,0
BRDA:46,1,1,0
BRDA:52,2,0,0
BRDA:52,2,1,0
BRDA:73,3,0,0
BRDA:73,3,1,0
BRDA:86,4,0,0
BRDA:86,4,1,0
BRDA:86,5,0,0
BRDA:86,5,1,0
BRDA:96,6,0,0
BRDA:96,6,1,0
BRDA:106,7,0,0
BRDA:106,7,1,0
BRDA:119,8,0,0
BRDA:119,8,1,0
BRDA:132,9,0,0
BRDA:132,9,1,0
BRDA:143,10,0,0
BRDA:143,10,1,0
BRDA:188,11,0,0
BRDA:188,11,1,0
BRDA:210,12,0,0
BRDA:210,12,1,0
BRDA:234,13,0,0
BRDA:234,13,1,0
BRDA:254,14,0,0
BRDA:254,14,1,0
BRDA:267,15,0,0
BRDA:267,15,1,0
BRDA:267,16,0,0
BRDA:267,16,1,0
BRDA:274,17,0,0
BRDA:274,17,1,0
BRDA:307,18,0,0
BRDA:307,18,1,0
BRDA:320,19,0,0
BRDA:320,19,1,0
BRDA:320,20,0,0
BRDA:320,20,1,0
BRDA:320,20,2,0
BRDA:320,20,3,0
BRDA:327,21,0,0
BRDA:327,21,1,0
BRDA:339,22,0,0
BRDA:339,22,1,0
BRDA:354,23,0,0
BRDA:354,23,1,0
BRDA:364,24,0,0
BRDA:364,24,1,0
BRDA:366,25,0,0
BRDA:366,25,1,0
BRDA:370,26,0,0
BRDA:370,26,1,0
BRDA:384,27,0,0
BRDA:384,27,1,0
BRDA:403,28,0,0
BRDA:403,28,1,0
BRF:60
BRH:0
end_of_record
TN:
SF:middleware/authMiddleware.js
FN:8,(anonymous_0)
FNF:1
FNH:0
FNDA:0,(anonymous_0)
DA:1,1
DA:2,1
DA:8,1
DA:12,0
DA:17,0
DA:21,0
DA:22,0
DA:28,0
DA:30,0
DA:33,0
DA:36,0
DA:37,0
DA:43,0
DA:45,0
LF:14
LH:3
BRDA:12,0,0,0
BRDA:12,0,1,0
BRDA:13,1,0,0
BRDA:13,1,1,0
BRDA:21,2,0,0
BRDA:21,2,1,0
BRDA:36,3,0,0
BRDA:36,3,1,0
BRF:8
BRH:0
end_of_record
TN:
SF:models/Nonce.js
FNF:0
FNH:0
DA:1,1
DA:3,1
DA:27,1
DA:28,1
DA:30,1
LF:5
LH:5
BRF:0
BRH:0
end_of_record
TN:
SF:models/User.js
FN:8,(anonymous_0)
FN:19,(anonymous_1)
FN:33,(anonymous_2)
FN:48,(anonymous_3)
FN:65,(anonymous_4)
FN:83,(anonymous_5)
FN:88,(anonymous_6)
FNF:7
FNH:0
FNDA:0,(anonymous_0)
FNDA:0,(anonymous_1)
FNDA:0,(anonymous_2)
FNDA:0,(anonymous_3)
FNDA:0,(anonymous_4)
FNDA:0,(anonymous_5)
FNDA:0,(anonymous_6)
DA:1,1
DA:2,1
DA:3,1
DA:5,1
DA:10,0
DA:20,0
DA:34,0
DA:49,0
DA:65,1
DA:67,0
DA:68,0
DA:71,0
DA:73,0
DA:75,0
DA:76,0
DA:78,0
DA:83,1
DA:84,0
DA:88,1
DA:90,0
DA:93,0
DA:99,0
DA:101,0
DA:104,1
LF:24
LH:8
BRDA:67,0,0,0
BRDA:67,0,1,0
BRF:2
BRH:0
end_of_record
TN:
SF:routes/authRoutes.js
FNF:0
FNH:0
DA:1,1
DA:2,1
DA:11,1
DA:12,1
DA:15,1
DA:16,1
DA:17,1
DA:18,1
DA:19,1
DA:22,1
DA:23,1
DA:25,1
LF:12
LH:12
BRF:0
BRH:0
end_of_record
TN:
SF:utils/sendEmail.js
FN:8,(anonymous_0)
FNF:1
FNH:0
FNDA:0,(anonymous_0)
DA:1,1
DA:8,1
DA:10,0
DA:13,0
DA:15,0
DA:20,0
DA:29,0
DA:37,0
DA:39,0
DA:42,0
DA:43,0
DA:44,0
DA:45,0
DA:46,0
DA:47,0
DA:48,0
DA:49,0
DA:56,1
LF:18
LH:3
BRDA:15,0,0,0
BRDA:15,0,1,0
BRF:2
BRH:0
end_of_record
TN:
SF:utils/walletUtils.js
FN:13,(anonymous_0)
FN:33,(anonymous_1)
FN:54,(anonymous_2)
FN:63,(anonymous_3)
FN:73,(anonymous_4)
FNF:5
FNH:0
FNDA:0,(anonymous_0)
FNDA:0,(anonymous_1)
FNDA:0,(anonymous_2)
FNDA:0,(anonymous_3)
FNDA:0,(anonymous_4)
DA:1,1
DA:2,1
DA:3,1
DA:4,1
DA:13,1
DA:14,0
DA:16,0
DA:19,0
DA:21,0
DA:22,0
DA:33,1
DA:34,0
DA:36,0
DA:39,0
DA:40,0
DA:43,0
DA:45,0
DA:46,0
DA:54,1
DA:55,0
DA:63,1
DA:64,0
DA:73,1
DA:74,0
DA:75,0
DA:77,0
DA:80,1
LF:27
LH:10
BRDA:74,0,0,0
BRDA:74,0,1,0
BRF:2
BRH:0
end_of_record
