TN:
SF:app.js
FN:20,(anonymous_0)
FN:21,(anonymous_1)
FN:27,(anonymous_2)
FN:30,(anonymous_3)
FNF:4
FNH:1
FNDA:0,(anonymous_0)
FNDA:1,(anonymous_1)
FNDA:0,(anonymous_2)
FNDA:0,(anonymous_3)
DA:1,1
DA:2,1
DA:3,1
DA:4,1
DA:5,1
DA:8,1
DA:11,1
DA:14,1
DA:15,1
DA:16,1
DA:19,1
DA:20,0
DA:21,1
DA:24,1
DA:27,1
DA:30,1
DA:31,0
DA:32,0
DA:39,1
LF:19
LH:16
BRDA:19,0,0,1
BRDA:19,0,1,0
BRDA:35,1,0,0
BRDA:35,1,1,0
BRF:4
BRH:1
end_of_record
TN:
SF:controllers/authController.js
FN:25,(anonymous_0)
FN:44,(anonymous_1)
FN:87,(anonymous_2)
FN:133,(anonymous_3)
FN:202,(anonymous_4)
FN:248,(anonymous_5)
FN:268,(anonymous_6)
FN:321,(anonymous_7)
FN:417,(anonymous_8)
FNF:9
FNH:0
FNDA:0,(anonymous_0)
FNDA:0,(anonymous_1)
FNDA:0,(anonymous_2)
FNDA:0,(anonymous_3)
FNDA:0,(anonymous_4)
FNDA:0,(anonymous_5)
FNDA:0,(anonymous_6)
FNDA:0,(anonymous_7)
FNDA:0,(anonymous_8)
DA:1,1
DA:2,1
DA:3,1
DA:4,1
DA:7,1
DA:16,1
DA:22,1
DA:25,1
DA:27,0
DA:32,0
DA:34,0
DA:44,1
DA:45,0
DA:46,0
DA:49,0
DA:51,0
DA:52,0
DA:53,0
DA:58,0
DA:59,0
DA:67,0
DA:74,0
DA:76,0
DA:87,1
DA:88,0
DA:89,0
DA:92,0
DA:93,0
DA:100,0
DA:102,0
DA:103,0
DA:110,0
DA:112,0
DA:113,0
DA:120,0
DA:122,0
DA:133,1
DA:134,0
DA:135,0
DA:138,0
DA:139,0
DA:146,0
DA:149,0
DA:150,0
DA:157,0
DA:160,0
DA:163,0
DA:165,0
DA:167,0
DA:168,0
DA:174,0
DA:180,0
DA:181,0
DA:183,0
DA:185,0
DA:191,0
DA:202,1
DA:203,0
DA:205,0
DA:211,0
DA:216,0
DA:217,0
DA:224,0
DA:225,0
DA:226,0
DA:229,0
DA:232,0
DA:237,0
DA:248,1
DA:249,0
DA:250,0
DA:252,0
DA:257,0
DA:268,1
DA:269,0
DA:270,0
DA:273,0
DA:274,0
DA:280,0
DA:281,0
DA:288,0
DA:291,0
DA:294,0
DA:300,0
DA:302,0
DA:310,0
DA:321,1
DA:322,0
DA:323,0
DA:326,0
DA:327,0
DA:333,0
DA:334,0
DA:341,0
DA:344,0
DA:345,0
DA:346,0
DA:351,0
DA:354,0
DA:360,0
DA:361,0
DA:368,0
DA:370,0
DA:371,0
DA:372,0
DA:373,0
DA:376,0
DA:377,0
DA:384,0
DA:385,0
DA:388,0
DA:390,0
DA:392,0
DA:399,0
DA:400,0
DA:404,0
DA:406,0
DA:417,1
DA:418,0
DA:419,0
DA:422,0
DA:423,0
DA:430,0
DA:431,0
DA:439,0
DA:440,0
DA:442,0
DA:448,0
DA:451,0
DA:453,0
DA:454,0
DA:456,0
DA:458,0
DA:459,0
DA:460,0
DA:463,0
DA:472,0
DA:473,0
DA:477,0
DA:479,0
LF:140
LH:16
BRDA:51,0,0,0
BRDA:51,0,1,0
BRDA:52,1,0,0
BRDA:52,1,1,0
BRDA:58,2,0,0
BRDA:58,2,1,0
BRDA:79,3,0,0
BRDA:79,3,1,0
BRDA:92,4,0,0
BRDA:92,4,1,0
BRDA:92,5,0,0
BRDA:92,5,1,0
BRDA:102,6,0,0
BRDA:102,6,1,0
BRDA:112,7,0,0
BRDA:112,7,1,0
BRDA:125,8,0,0
BRDA:125,8,1,0
BRDA:138,9,0,0
BRDA:138,9,1,0
BRDA:149,10,0,0
BRDA:149,10,1,0
BRDA:194,11,0,0
BRDA:194,11,1,0
BRDA:216,12,0,0
BRDA:216,12,1,0
BRDA:240,13,0,0
BRDA:240,13,1,0
BRDA:260,14,0,0
BRDA:260,14,1,0
BRDA:273,15,0,0
BRDA:273,15,1,0
BRDA:273,16,0,0
BRDA:273,16,1,0
BRDA:280,17,0,0
BRDA:280,17,1,0
BRDA:313,18,0,0
BRDA:313,18,1,0
BRDA:326,19,0,0
BRDA:326,19,1,0
BRDA:326,20,0,0
BRDA:326,20,1,0
BRDA:326,20,2,0
BRDA:326,20,3,0
BRDA:333,21,0,0
BRDA:333,21,1,0
BRDA:345,22,0,0
BRDA:345,22,1,0
BRDA:360,23,0,0
BRDA:360,23,1,0
BRDA:370,24,0,0
BRDA:370,24,1,0
BRDA:372,25,0,0
BRDA:372,25,1,0
BRDA:376,26,0,0
BRDA:376,26,1,0
BRDA:390,27,0,0
BRDA:390,27,1,0
BRDA:409,28,0,0
BRDA:409,28,1,0
BRDA:422,29,0,0
BRDA:422,29,1,0
BRDA:430,30,0,0
BRDA:430,30,1,0
BRDA:453,31,0,0
BRDA:453,31,1,0
BRDA:456,32,0,0
BRDA:456,32,1,0
BRDA:466,33,0,0
BRDA:466,33,1,0
BRDA:482,34,0,0
BRDA:482,34,1,0
BRF:72
BRH:0
end_of_record
TN:
SF:middleware/authMiddleware.js
FN:8,(anonymous_0)
FNF:1
FNH:0
FNDA:0,(anonymous_0)
DA:1,1
DA:2,1
DA:8,1
DA:12,0
DA:17,0
DA:21,0
DA:22,0
DA:28,0
DA:30,0
DA:33,0
DA:36,0
DA:37,0
DA:43,0
DA:45,0
LF:14
LH:3
BRDA:12,0,0,0
BRDA:12,0,1,0
BRDA:13,1,0,0
BRDA:13,1,1,0
BRDA:21,2,0,0
BRDA:21,2,1,0
BRDA:36,3,0,0
BRDA:36,3,1,0
BRF:8
BRH:0
end_of_record
TN:
SF:models/Nonce.js
FNF:0
FNH:0
DA:1,1
DA:3,1
DA:27,1
DA:28,1
DA:30,1
LF:5
LH:5
BRF:0
BRH:0
end_of_record
TN:
SF:models/User.js
FN:8,(anonymous_0)
FN:19,(anonymous_1)
FN:33,(anonymous_2)
FN:48,(anonymous_3)
FN:75,(anonymous_4)
FN:93,(anonymous_5)
FN:98,(anonymous_6)
FNF:7
FNH:0
FNDA:0,(anonymous_0)
FNDA:0,(anonymous_1)
FNDA:0,(anonymous_2)
FNDA:0,(anonymous_3)
FNDA:0,(anonymous_4)
FNDA:0,(anonymous_5)
FNDA:0,(anonymous_6)
DA:1,1
DA:2,1
DA:3,1
DA:5,1
DA:10,0
DA:20,0
DA:34,0
DA:49,0
DA:75,1
DA:77,0
DA:78,0
DA:81,0
DA:83,0
DA:85,0
DA:86,0
DA:88,0
DA:93,1
DA:94,0
DA:98,1
DA:100,0
DA:103,0
DA:109,0
DA:111,0
DA:114,1
LF:24
LH:8
BRDA:10,0,0,0
BRDA:10,0,1,0
BRDA:20,1,0,0
BRDA:20,1,1,0
BRDA:34,2,0,0
BRDA:34,2,1,0
BRDA:77,3,0,0
BRDA:77,3,1,0
BRF:8
BRH:0
end_of_record
TN:
SF:routes/authRoutes.js
FNF:0
FNH:0
DA:1,1
DA:2,1
DA:12,1
DA:13,1
DA:16,1
DA:17,1
DA:18,1
DA:19,1
DA:20,1
DA:23,1
DA:24,1
DA:27,1
DA:29,1
LF:13
LH:13
BRF:0
BRH:0
end_of_record
TN:
SF:utils/googleUtils.js
FN:11,(anonymous_0)
FN:44,(anonymous_1)
FNF:2
FNH:0
FNDA:0,(anonymous_0)
FNDA:0,(anonymous_1)
DA:1,1
DA:4,1
DA:11,1
DA:12,0
DA:14,0
DA:20,0
DA:22,0
DA:23,0
DA:27,0
DA:35,0
DA:36,0
DA:44,1
DA:45,0
DA:48,1
LF:14
LH:5
BRDA:22,0,0,0
BRDA:22,0,1,0
BRF:2
BRH:0
end_of_record
TN:
SF:utils/sendEmail.js
FN:8,(anonymous_0)
FNF:1
FNH:0
FNDA:0,(anonymous_0)
DA:1,1
DA:8,1
DA:10,0
DA:13,0
DA:15,0
DA:20,0
DA:29,0
DA:37,0
DA:39,0
DA:42,0
DA:43,0
DA:44,0
DA:45,0
DA:46,0
DA:47,0
DA:48,0
DA:49,0
DA:56,1
LF:18
LH:3
BRDA:15,0,0,0
BRDA:15,0,1,0
BRF:2
BRH:0
end_of_record
TN:
SF:utils/walletUtils.js
FN:13,(anonymous_0)
FN:33,(anonymous_1)
FN:54,(anonymous_2)
FN:63,(anonymous_3)
FN:73,(anonymous_4)
FNF:5
FNH:0
FNDA:0,(anonymous_0)
FNDA:0,(anonymous_1)
FNDA:0,(anonymous_2)
FNDA:0,(anonymous_3)
FNDA:0,(anonymous_4)
DA:1,1
DA:2,1
DA:3,1
DA:4,1
DA:13,1
DA:14,0
DA:16,0
DA:19,0
DA:21,0
DA:22,0
DA:33,1
DA:34,0
DA:36,0
DA:39,0
DA:40,0
DA:43,0
DA:45,0
DA:46,0
DA:54,1
DA:55,0
DA:63,1
DA:64,0
DA:73,1
DA:74,0
DA:75,0
DA:77,0
DA:80,1
LF:27
LH:10
BRDA:74,0,0,0
BRDA:74,0,1,0
BRF:2
BRH:0
end_of_record
